\BOOKMARK [0][-]{chapter.1}{INTRODUCCI\323N}{}% 1
\BOOKMARK [1][-]{section.1.1}{Historia}{chapter.1}% 2
\BOOKMARK [1][-]{section.1.2}{Contextos y conceptos}{chapter.1}% 3
\BOOKMARK [1][-]{section.1.3}{Implicaciones y reglas de asociaci\363n con FCA}{chapter.1}% 4
\BOOKMARK [1][-]{section.1.4}{Aplicaciones}{chapter.1}% 5
\BOOKMARK [0][-]{chapter.2}{AN\301LISIS DE CONCEPTOS FORMALES}{}% 6
\BOOKMARK [1][-]{section.2.1}{\277Qu\351 es FCA?}{chapter.2}% 7
\BOOKMARK [1][-]{section.2.2}{Contexto formal}{chapter.2}% 8
\BOOKMARK [1][-]{section.2.3}{Operadores de derivaci\363n}{chapter.2}% 9
\BOOKMARK [1][-]{section.2.4}{Conceptos Formales}{chapter.2}% 10
\BOOKMARK [1][-]{section.2.5}{Ret\355culo de conceptos de un contexto}{chapter.2}% 11
\BOOKMARK [1][-]{section.2.6}{Implicaciones de atributos}{chapter.2}% 12
\BOOKMARK [1][-]{section.2.7}{Estructuras matem\341ticas relacionadas con el FCA}{chapter.2}% 13
\BOOKMARK [2][-]{subsection.2.7.1}{Conexiones de Galois}{section.2.7}% 14
\BOOKMARK [2][-]{subsection.2.7.2}{Operadores de cierre}{section.2.7}% 15
\BOOKMARK [2][-]{subsection.2.7.3}{Extensiones, intensiones, ret\355culo de conceptos}{section.2.7}% 16
\BOOKMARK [2][-]{subsection.2.7.4}{Definici\363n concisa de conexiones de Galois}{section.2.7}% 17
\BOOKMARK [2][-]{subsection.2.7.5}{Conexiones de Galois, uni\363n e intersecci\363n}{section.2.7}% 18
\BOOKMARK [2][-]{subsection.2.7.6}{Cada conexi\363n de Galois es inducida por una relaci\363n binaria}{section.2.7}% 19
\BOOKMARK [2][-]{subsection.2.7.7}{Teorema de representaci\363n para conexiones de Galois}{section.2.7}% 20
\BOOKMARK [2][-]{subsection.2.7.8}{Estructura jer\341rquica de ret\355culo de conceptos}{section.2.7}% 21
\BOOKMARK [1][-]{section.2.8}{Teorema Principal de Ret\355culo de Conceptos}{chapter.2}% 22
\BOOKMARK [2][-]{subsection.2.8.1}{Etiquetado de diagramas de ret\355culos de conceptos}{section.2.8}% 23
\BOOKMARK [1][-]{section.2.9}{Clarificaci\363n y reducci\363n de conceptos formales}{chapter.2}% 24
\BOOKMARK [2][-]{subsection.2.9.1}{Reducci\363n de contextos formales por relaciones de vectores}{section.2.9}% 25
\BOOKMARK [1][-]{section.2.10}{Algoritmos para el c\341lculo de ret\355culos de conceptos}{chapter.2}% 26
\BOOKMARK [2][-]{subsection.2.10.1}{Algoritmo Next-Closure}{section.2.10}% 27
\BOOKMARK [2][-]{subsection.2.10.2}{Algoritmo UpperNeighbor}{section.2.10}% 28
\BOOKMARK [1][-]{section.2.11}{Contextos multivaluados y escalamiento conceptual}{chapter.2}% 29
\BOOKMARK [2][-]{subsection.2.11.1}{Escalamiento conceptual}{section.2.11}% 30
\BOOKMARK [0][-]{chapter.3}{ALGORITMOS DE C\301LCULO DE BASES}{}% 31
\BOOKMARK [1][-]{section.3.1}{CLA}{chapter.3}% 32
\BOOKMARK [1][-]{section.3.2}{Direct Optimal Basis}{chapter.3}% 33
\BOOKMARK [1][-]{section.3.3}{Implementaciones}{chapter.3}% 34
\BOOKMARK [0][-]{chapter.4}{HERRAMIENTA PARA IMPLICACIONES}{}% 35
\BOOKMARK [1][-]{section.4.1}{IS Bench}{chapter.4}% 36
\BOOKMARK [2][-]{subsection.4.1.1}{Workspaces}{section.4.1}% 37
\BOOKMARK [2][-]{subsection.4.1.2}{Registrar Benchmarks}{section.4.1}% 38
\BOOKMARK [2][-]{subsection.4.1.3}{Ejecutar algoritmos: Modos de ejecuci\363n}{section.4.1}% 39
\BOOKMARK [2][-]{subsection.4.1.4}{Ejecutar Benchmarks}{section.4.1}% 40
\BOOKMARK [2][-]{subsection.4.1.5}{Consulta de Resultados}{section.4.1}% 41
\BOOKMARK [1][-]{section.4.2}{Generador de sistemas implicacionales aleatorios}{chapter.4}% 42
\BOOKMARK [2][-]{subsection.4.2.1}{Generar un sistema implicacional}{section.4.2}% 43
\BOOKMARK [2][-]{subsection.4.2.2}{Generar n sistemas implicacionales}{section.4.2}% 44
\BOOKMARK [1][-]{section.4.3}{Ejemplo de uso}{chapter.4}% 45
\BOOKMARK [1][-]{section.4.4}{Implementaci\363n de Algoritmos}{chapter.4}% 46
\BOOKMARK [0][-]{chapter.5}{COMPARATIVA ENTRE ALGORITMOS}{}% 47
\BOOKMARK [0][-]{chapter.6}{DISE\321O E IMPLEMENTACI\323N DE LA APLICACI\323N}{}% 48
\BOOKMARK [1][-]{section.6.1}{Tecnolog\355as y herramientas empleadas}{chapter.6}% 49
\BOOKMARK [1][-]{section.6.2}{Casos de uso}{chapter.6}% 50
\BOOKMARK [2][-]{subsection.6.2.1}{Inicio}{section.6.2}% 51
\BOOKMARK [2][-]{subsection.6.2.2}{Workspaces}{section.6.2}% 52
\BOOKMARK [2][-]{subsection.6.2.3}{Benchmarks}{section.6.2}% 53
\BOOKMARK [2][-]{subsection.6.2.4}{Resultados}{section.6.2}% 54
\BOOKMARK [1][-]{section.6.3}{Diagrama de componentes}{chapter.6}% 55
\BOOKMARK [1][-]{section.6.4}{Diagramas de paquetes}{chapter.6}% 56
\BOOKMARK [1][-]{section.6.5}{Diagramas de clases}{chapter.6}% 57
\BOOKMARK [2][-]{subsection.6.5.1}{Estereotipos}{section.6.5}% 58
\BOOKMARK [2][-]{subsection.6.5.2}{Dominio}{section.6.5}% 59
\BOOKMARK [2][-]{subsection.6.5.3}{Workspaces}{section.6.5}% 60
\BOOKMARK [2][-]{subsection.6.5.4}{Registrar Benchmarks}{section.6.5}% 61
\BOOKMARK [2][-]{subsection.6.5.5}{Ejecutar Benchmarks}{section.6.5}% 62
\BOOKMARK [2][-]{subsection.6.5.6}{Generador Implicaciones}{section.6.5}% 63
\BOOKMARK [2][-]{subsection.6.5.7}{Resultados}{section.6.5}% 64
\BOOKMARK [2][-]{subsection.6.5.8}{API Algoritmos}{section.6.5}% 65
\BOOKMARK [1][-]{section.6.6}{Diagramas de secuencia}{chapter.6}% 66
\BOOKMARK [0][-]{chapter.7}{CONCLUSIONES}{}% 67
