\BOOKMARK [0][-]{chapter.1}{AN\301LISIS DE CONCEPTOS FORMALES}{}% 1
\BOOKMARK [1][-]{section.1.1}{\277Qu\351 es FCA?}{chapter.1}% 2
\BOOKMARK [1][-]{section.1.2}{Contexto formal}{chapter.1}% 3
\BOOKMARK [1][-]{section.1.3}{Operadores de derivaci\363n}{chapter.1}% 4
\BOOKMARK [1][-]{section.1.4}{Conceptos Formales}{chapter.1}% 5
\BOOKMARK [1][-]{section.1.5}{Ret\355culo de conceptos de un contexto}{chapter.1}% 6
\BOOKMARK [1][-]{section.1.6}{Implicaciones de atributos}{chapter.1}% 7
\BOOKMARK [1][-]{section.1.7}{Estructuras matem\341ticas relacionadas con el FCA}{chapter.1}% 8
\BOOKMARK [2][-]{subsection.1.7.1}{Conexiones de Galois}{section.1.7}% 9
\BOOKMARK [2][-]{subsection.1.7.2}{Operadores de cierre}{section.1.7}% 10
\BOOKMARK [2][-]{subsection.1.7.3}{Extensiones, intensiones, ret\355culo de conceptos}{section.1.7}% 11
\BOOKMARK [2][-]{subsection.1.7.4}{Definici\363n concisa de conexiones de Galois}{section.1.7}% 12
\BOOKMARK [2][-]{subsection.1.7.5}{Conexiones de Galois, uni\363n e intersecci\363n}{section.1.7}% 13
\BOOKMARK [2][-]{subsection.1.7.6}{Cada conexi\363n de Galois es inducida por una relaci\363n binaria}{section.1.7}% 14
\BOOKMARK [2][-]{subsection.1.7.7}{Teorema de representaci\363n para conexiones de Galois}{section.1.7}% 15
\BOOKMARK [2][-]{subsection.1.7.8}{Estructura jer\341rquica de ret\355culo de conceptos}{section.1.7}% 16
\BOOKMARK [1][-]{section.1.8}{Teorema Principal de Ret\355culo de Conceptos}{chapter.1}% 17
\BOOKMARK [2][-]{subsection.1.8.1}{Etiquetado de diagramas de ret\355culos de conceptos}{section.1.8}% 18
\BOOKMARK [1][-]{section.1.9}{Clarificaci\363n y reducci\363n de conceptos formales}{chapter.1}% 19
\BOOKMARK [2][-]{subsection.1.9.1}{Reducci\363n de contextos formales por relaciones de vectores}{section.1.9}% 20
\BOOKMARK [1][-]{section.1.10}{Algoritmos para el c\341lculo de ret\355culos de conceptos}{chapter.1}% 21
\BOOKMARK [2][-]{subsection.1.10.1}{Algoritmo Next-Closure}{section.1.10}% 22
\BOOKMARK [2][-]{subsection.1.10.2}{Algoritmo UpperNeighbor}{section.1.10}% 23
\BOOKMARK [1][-]{section.1.11}{Contextos multivaluados y escalamiento conceptual}{chapter.1}% 24
\BOOKMARK [2][-]{subsection.1.11.1}{Escalamiento conceptual}{section.1.11}% 25
