This is pdfTeX, Version 3.1415926-2.5-1.40.14 (TeX Live 2013/Debian) (format=pdflatex 2016.3.6)  7 MAR 2016 19:59
entering extended mode
 restricted \write18 enabled.
 %&-line parsing enabled.
**acf.tex
(./acf.tex
LaTeX2e <2011/06/27>
Babel <3.9h> and hyphenation patterns for 78 languages loaded.
(/usr/share/texlive/texmf-dist/tex/latex/subfiles/subfiles.cls
Document Class: subfiles 2012/05/23 Federico Garcia
(/usr/share/texlive/texmf-dist/tex/latex/tools/verbatim.sty
Package: verbatim 2003/08/22 v1.5q LaTeX2e package for verbatim enhancements
\every@verbatim=\toks14
\verbatim@line=\toks15
\verbatim@in@stream=\read1
)
Preamble taken from file `../main.tex'
(../main.tex (/usr/share/texlive/texmf-dist/tex/latex/base/book.cls
Document Class: book 2007/10/19 v1.4h Standard LaTeX document class
(/usr/share/texlive/texmf-dist/tex/latex/base/bk12.clo
File: bk12.clo 2007/10/19 v1.4h Standard LaTeX file (size option)
)
\c@part=\count79
\c@chapter=\count80
\c@section=\count81
\c@subsection=\count82
\c@subsubsection=\count83
\c@paragraph=\count84
\c@subparagraph=\count85
\c@figure=\count86
\c@table=\count87
\abovecaptionskip=\skip41
\belowcaptionskip=\skip42
\bibindent=\dimen102
)
(/usr/share/texlive/texmf-dist/tex/generic/babel/babel.sty
Package: babel 2013/12/03 3.9h The Babel package

(/usr/share/texlive/texmf-dist/tex/generic/babel-spanish/spanish.ldf
Language: spanish.ldf 2014/01/29 v5.0m Spanish support from the babel system

(/usr/share/texlive/texmf-dist/tex/generic/babel/babel.def
File: babel.def 2013/12/03 3.9h Babel common definitions
\babel@savecnt=\count88
\U@D=\dimen103
)
\es@datefmt=\count89
\es@quottoks=\toks16
\es@quotdepth=\count90
Package babel Info: Making " an active character on input line 496.
Package babel Info: Making . an active character on input line 599.
Package babel Info: Making < an active character on input line 644.
Package babel Info: Making > an active character on input line 644.
))
(/usr/share/texlive/texmf-dist/tex/latex/base/inputenc.sty
Package: inputenc 2008/03/30 v1.1d Input encoding file
\inpenc@prehook=\toks17
\inpenc@posthook=\toks18

(/usr/share/texlive/texmf-dist/tex/latex/base/latin1.def
File: latin1.def 2008/03/30 v1.1d Input encoding file
))
(/usr/share/texlive/texmf-dist/tex/latex/base/makeidx.sty
Package: makeidx 2000/03/29 v1.0m Standard LaTeX package
)
(/usr/share/texmf/tex/latex/xcolor/xcolor.sty
Package: xcolor 2007/01/21 v2.11 LaTeX color extensions (UK)

(/usr/share/texlive/texmf-dist/tex/latex/latexconfig/color.cfg
File: color.cfg 2007/01/18 v1.5 color configuration of teTeX/TeXLive
)
Package xcolor Info: Driver file: pdftex.def on input line 225.

(/usr/share/texlive/texmf-dist/tex/latex/pdftex-def/pdftex.def
File: pdftex.def 2011/05/27 v0.06d Graphics/color for pdfTeX

(/usr/share/texlive/texmf-dist/tex/generic/oberdiek/infwarerr.sty
Package: infwarerr 2010/04/08 v1.3 Providing info/warning/error messages (HO)
)
(/usr/share/texlive/texmf-dist/tex/generic/oberdiek/ltxcmds.sty
Package: ltxcmds 2011/11/09 v1.22 LaTeX kernel commands for general use (HO)
)
\Gread@gobject=\count91
)
(/usr/share/texlive/texmf-dist/tex/latex/colortbl/colortbl.sty
Package: colortbl 2012/02/13 v1.0a Color table columns (DPC)

(/usr/share/texlive/texmf-dist/tex/latex/tools/array.sty
Package: array 2008/09/09 v2.4c Tabular extension package (FMi)
\col@sep=\dimen104
\extrarowheight=\dimen105
\NC@list=\toks19
\extratabsurround=\skip43
\backup@length=\skip44
)
\everycr=\toks20
\minrowclearance=\skip45
)
\rownum=\count92
Package xcolor Info: Model `cmy' substituted by `cmy0' on input line 1337.
Package xcolor Info: Model `hsb' substituted by `rgb' on input line 1341.
Package xcolor Info: Model `RGB' extended on input line 1353.
Package xcolor Info: Model `HTML' substituted by `rgb' on input line 1355.
Package xcolor Info: Model `Hsb' substituted by `hsb' on input line 1356.
Package xcolor Info: Model `tHsb' substituted by `hsb' on input line 1357.
Package xcolor Info: Model `HSB' substituted by `hsb' on input line 1358.
Package xcolor Info: Model `Gray' substituted by `gray' on input line 1359.
Package xcolor Info: Model `wave' substituted by `hsb' on input line 1360.

(/usr/share/texlive/texmf-dist/tex/latex/graphics/dvipsnam.def
File: dvipsnam.def 1999/02/16 v3.0i Driver-dependant file (DPC,SPQR)
)
(/usr/share/texmf/tex/latex/xcolor/svgnam.def
File: svgnam.def 2007/01/21 v2.11 Predefined colors according to SVG 1.1 (UK)
))
(/usr/share/texlive/texmf-dist/tex/latex/adjustbox/adjustbox.sty
Package: adjustbox 2012/05/21 v1.0 Adjusting TeX boxes (trim, clip, ...)

(/usr/share/texlive/texmf-dist/tex/latex/xkeyval/xkeyval.sty
Package: xkeyval 2012/10/14 v2.6b package option processing (HA)

(/usr/share/texlive/texmf-dist/tex/generic/xkeyval/xkeyval.tex
\XKV@toks=\toks21
\XKV@tempa@toks=\toks22
\XKV@depth=\count93
File: xkeyval.tex 2012/10/14 v2.6b key=value parser (HA)

(/usr/share/texlive/texmf-dist/tex/generic/xkeyval/keyval.tex)))
(/usr/share/texlive/texmf-dist/tex/latex/adjustbox/adjcalc.sty
Package: adjcalc 2012/05/16 v1.1 Provides advanced setlength with multiple back
-ends (calc, etex, pgfmath)
)
(/usr/share/texlive/texmf-dist/tex/latex/adjustbox/trimclip.sty
Package: trimclip 2012/05/16 v1.0 Trim and clip general TeX material

(/usr/share/texlive/texmf-dist/tex/latex/graphics/graphicx.sty
Package: graphicx 1999/02/16 v1.0f Enhanced LaTeX Graphics (DPC,SPQR)

(/usr/share/texlive/texmf-dist/tex/latex/graphics/graphics.sty
Package: graphics 2009/02/05 v1.0o Standard LaTeX Graphics (DPC,SPQR)

(/usr/share/texlive/texmf-dist/tex/latex/graphics/trig.sty
Package: trig 1999/03/16 v1.09 sin cos tan (DPC)
)
(/usr/share/texlive/texmf-dist/tex/latex/latexconfig/graphics.cfg
File: graphics.cfg 2010/04/23 v1.9 graphics configuration of TeX Live
)
Package graphics Info: Driver file: pdftex.def on input line 91.
)
\Gin@req@height=\dimen106
\Gin@req@width=\dimen107
)
(/usr/share/texlive/texmf-dist/tex/latex/collectbox/collectbox.sty
Package: collectbox 2012/05/17 v0.4b Collect macro arguments as boxes
\collectedbox=\box26
)
\tc@llx=\dimen108
\tc@lly=\dimen109
\tc@urx=\dimen110
\tc@ury=\dimen111
Package trimclip Info: Using driver 'tc-pdftex.def'.

(/usr/share/texlive/texmf-dist/tex/latex/adjustbox/tc-pdftex.def
File: tc-pdftex.def 2012/05/13 v1.0 Clipping driver for pdftex
))
\adjbox@Width=\dimen112
\adjbox@Height=\dimen113
\adjbox@Depth=\dimen114
\adjbox@Totalheight=\dimen115

(/usr/share/texlive/texmf-dist/tex/latex/ifoddpage/ifoddpage.sty
Package: ifoddpage 2011/09/13 v1.0 Conditionals for odd/even page detection
\c@checkoddpage=\count94
)
(/usr/share/texlive/texmf-dist/tex/latex/varwidth/varwidth.sty
Package: varwidth 2009/03/30 ver 0.92;  Variable-width minipages
\@vwid@box=\box27
\sift@deathcycles=\count95
\@vwid@loff=\dimen116
\@vwid@roff=\dimen117
))
(/usr/share/texlive/texmf-dist/tex/generic/ulem/ulem.sty
\UL@box=\box28
\UL@hyphenbox=\box29
\UL@skip=\skip46
\UL@hook=\toks23
\UL@height=\dimen118
\UL@pe=\count96
\UL@pixel=\dimen119
\ULC@box=\box30
Package: ulem 2012/05/18
\ULdepth=\dimen120
)
(/usr/share/texlive/texmf-dist/tex/latex/hyperref/hyperref.sty
Package: hyperref 2012/11/06 v6.83m Hypertext links for LaTeX

(/usr/share/texlive/texmf-dist/tex/generic/oberdiek/hobsub-hyperref.sty
Package: hobsub-hyperref 2012/05/28 v1.13 Bundle oberdiek, subset hyperref (HO)


(/usr/share/texlive/texmf-dist/tex/generic/oberdiek/hobsub-generic.sty
Package: hobsub-generic 2012/05/28 v1.13 Bundle oberdiek, subset generic (HO)
Package: hobsub 2012/05/28 v1.13 Construct package bundles (HO)
Package hobsub Info: Skipping package `infwarerr' (already loaded).
Package hobsub Info: Skipping package `ltxcmds' (already loaded).
Package: ifluatex 2010/03/01 v1.3 Provides the ifluatex switch (HO)
Package ifluatex Info: LuaTeX not detected.
Package: ifvtex 2010/03/01 v1.5 Detect VTeX and its facilities (HO)
Package ifvtex Info: VTeX not detected.
Package: intcalc 2007/09/27 v1.1 Expandable calculations with integers (HO)
Package: ifpdf 2011/01/30 v2.3 Provides the ifpdf switch (HO)
Package ifpdf Info: pdfTeX in PDF mode is detected.
Package: etexcmds 2011/02/16 v1.5 Avoid name clashes with e-TeX commands (HO)
Package etexcmds Info: Could not find \expanded.
(etexcmds)             That can mean that you are not using pdfTeX 1.50 or
(etexcmds)             that some package has redefined \expanded.
(etexcmds)             In the latter case, load this package earlier.
Package: kvsetkeys 2012/04/25 v1.16 Key value parser (HO)
Package: kvdefinekeys 2011/04/07 v1.3 Define keys (HO)
Package: pdftexcmds 2011/11/29 v0.20 Utility functions of pdfTeX for LuaTeX (HO
)
Package pdftexcmds Info: LuaTeX not detected.
Package pdftexcmds Info: \pdf@primitive is available.
Package pdftexcmds Info: \pdf@ifprimitive is available.
Package pdftexcmds Info: \pdfdraftmode found.
Package: pdfescape 2011/11/25 v1.13 Implements pdfTeX's escape features (HO)
Package: bigintcalc 2012/04/08 v1.3 Expandable calculations on big integers (HO
)
Package: bitset 2011/01/30 v1.1 Handle bit-vector datatype (HO)
Package: uniquecounter 2011/01/30 v1.2 Provide unlimited unique counter (HO)
)
Package hobsub Info: Skipping package `hobsub' (already loaded).
Package: letltxmacro 2010/09/02 v1.4 Let assignment for LaTeX macros (HO)
Package: hopatch 2012/05/28 v1.2 Wrapper for package hooks (HO)
Package: xcolor-patch 2011/01/30 xcolor patch
Package: atveryend 2011/06/30 v1.8 Hooks at the very end of document (HO)
Package: atbegshi 2011/10/05 v1.16 At begin shipout hook (HO)
Package: refcount 2011/10/16 v3.4 Data extraction from label references (HO)
Package: hycolor 2011/01/30 v1.7 Color options for hyperref/bookmark (HO)
)
(/usr/share/texlive/texmf-dist/tex/generic/ifxetex/ifxetex.sty
Package: ifxetex 2010/09/12 v0.6 Provides ifxetex conditional
)
(/usr/share/texlive/texmf-dist/tex/latex/oberdiek/auxhook.sty
Package: auxhook 2011/03/04 v1.3 Hooks for auxiliary files (HO)


Package auxhook Warning: Cannot patch \document,
(auxhook)                using \AtBeginDocument instead.

) (/usr/share/texlive/texmf-dist/tex/latex/oberdiek/kvoptions.sty
Package: kvoptions 2011/06/30 v3.11 Key value format for package options (HO)
)
\@linkdim=\dimen121
\Hy@linkcounter=\count97
\Hy@pagecounter=\count98

(/usr/share/texlive/texmf-dist/tex/latex/hyperref/pd1enc.def
File: pd1enc.def 2012/11/06 v6.83m Hyperref: PDFDocEncoding definition (HO)
)
\Hy@SavedSpaceFactor=\count99

(/usr/share/texlive/texmf-dist/tex/latex/latexconfig/hyperref.cfg
File: hyperref.cfg 2002/06/06 v1.2 hyperref configuration of TeXLive
)
Package hyperref Info: Hyper figures OFF on input line 4443.
Package hyperref Info: Link nesting OFF on input line 4448.
Package hyperref Info: Hyper index ON on input line 4451.
Package hyperref Info: Plain pages OFF on input line 4458.
Package hyperref Info: Backreferencing OFF on input line 4463.
Package hyperref Info: Implicit mode ON; LaTeX internals redefined.
Package hyperref Info: Bookmarks ON on input line 4688.
\c@Hy@tempcnt=\count100

(/usr/share/texlive/texmf-dist/tex/latex/url/url.sty
\Urlmuskip=\muskip10
Package: url 2013/09/16  ver 3.4  Verb mode for urls, etc.
)
LaTeX Info: Redefining \url on input line 5041.
\XeTeXLinkMargin=\dimen122
\Fld@menulength=\count101
\Field@Width=\dimen123
\Fld@charsize=\dimen124
Package hyperref Info: Hyper figures OFF on input line 6295.
Package hyperref Info: Link nesting OFF on input line 6300.
Package hyperref Info: Hyper index ON on input line 6303.
Package hyperref Info: backreferencing OFF on input line 6310.
Package hyperref Info: Link coloring OFF on input line 6315.
Package hyperref Info: Link coloring with OCG OFF on input line 6320.
Package hyperref Info: PDF/A mode OFF on input line 6325.
LaTeX Info: Redefining \ref on input line 6365.
LaTeX Info: Redefining \pageref on input line 6369.
\Hy@abspage=\count102
\c@Item=\count103
\c@Hfootnote=\count104
)

Package hyperref Message: Driver (autodetected): hpdftex.

(/usr/share/texlive/texmf-dist/tex/latex/hyperref/hpdftex.def
File: hpdftex.def 2012/11/06 v6.83m Hyperref driver for pdfTeX
\Fld@listcount=\count105
\c@bookmark@seq@number=\count106

(/usr/share/texlive/texmf-dist/tex/latex/oberdiek/rerunfilecheck.sty
Package: rerunfilecheck 2011/04/15 v1.7 Rerun checks for auxiliary files (HO)
Package uniquecounter Info: New unique counter `rerunfilecheck' on input line 2
82.
)
\Hy@SectionHShift=\skip47
)
(/usr/share/texlive/texmf-dist/tex/latex/amsmath/amsmath.sty
Package: amsmath 2013/01/14 v2.14 AMS math features
\@mathmargin=\skip48

For additional information on amsmath, use the `?' option.
(/usr/share/texlive/texmf-dist/tex/latex/amsmath/amstext.sty
Package: amstext 2000/06/29 v2.01

(/usr/share/texlive/texmf-dist/tex/latex/amsmath/amsgen.sty
File: amsgen.sty 1999/11/30 v2.0
\@emptytoks=\toks24
\ex@=\dimen125
))
(/usr/share/texlive/texmf-dist/tex/latex/amsmath/amsbsy.sty
Package: amsbsy 1999/11/29 v1.2d
\pmbraise@=\dimen126
)
(/usr/share/texlive/texmf-dist/tex/latex/amsmath/amsopn.sty
Package: amsopn 1999/12/14 v2.01 operator names
)
\inf@bad=\count107
LaTeX Info: Redefining \frac on input line 210.
\uproot@=\count108
\leftroot@=\count109
LaTeX Info: Redefining \overline on input line 306.
\classnum@=\count110
\DOTSCASE@=\count111
LaTeX Info: Redefining \ldots on input line 378.
LaTeX Info: Redefining \dots on input line 381.
LaTeX Info: Redefining \cdots on input line 466.
\Mathstrutbox@=\box31
\strutbox@=\box32
\big@size=\dimen127
LaTeX Font Info:    Redeclaring font encoding OML on input line 566.
LaTeX Font Info:    Redeclaring font encoding OMS on input line 567.
\macc@depth=\count112
\c@MaxMatrixCols=\count113
\dotsspace@=\muskip11
\c@parentequation=\count114
\dspbrk@lvl=\count115
\tag@help=\toks25
\row@=\count116
\column@=\count117
\maxfields@=\count118
\andhelp@=\toks26
\eqnshift@=\dimen128
\alignsep@=\dimen129
\tagshift@=\dimen130
\tagwidth@=\dimen131
\totwidth@=\dimen132
\lineht@=\dimen133
\@envbody=\toks27
\multlinegap=\skip49
\multlinetaggap=\skip50
\mathdisplay@stack=\toks28
LaTeX Info: Redefining \[ on input line 2665.
LaTeX Info: Redefining \] on input line 2666.
)
(/usr/share/texlive/texmf-dist/tex/latex/amscls/amsthm.sty
Package: amsthm 2004/08/06 v2.20
\thm@style=\toks29
\thm@bodyfont=\toks30
\thm@headfont=\toks31
\thm@notefont=\toks32
\thm@headpunct=\toks33
\thm@preskip=\skip51
\thm@postskip=\skip52
\thm@headsep=\skip53
\dth@everypar=\toks34
)
(/usr/share/texlive/texmf-dist/tex/latex/amsfonts/amssymb.sty
Package: amssymb 2013/01/14 v3.01 AMS font symbols

(/usr/share/texlive/texmf-dist/tex/latex/amsfonts/amsfonts.sty
Package: amsfonts 2013/01/14 v3.01 Basic AMSFonts support
\symAMSa=\mathgroup4
\symAMSb=\mathgroup5
LaTeX Font Info:    Overwriting math alphabet `\mathfrak' in version `bold'
(Font)                  U/euf/m/n --> U/euf/b/n on input line 106.
))
(/usr/share/texlive/texmf-dist/tex/latex/geometry/geometry.sty
Package: geometry 2010/09/12 v5.6 Page Geometry
\Gm@cnth=\count119
\Gm@cntv=\count120
\c@Gm@tempcnt=\count121
\Gm@bindingoffset=\dimen134
\Gm@wd@mp=\dimen135
\Gm@odd@mp=\dimen136
\Gm@even@mp=\dimen137
\Gm@layoutwidth=\dimen138
\Gm@layoutheight=\dimen139
\Gm@layouthoffset=\dimen140
\Gm@layoutvoffset=\dimen141
\Gm@dimlist=\toks35
)
(/usr/share/texlive/texmf-dist/tex/latex/setspace/setspace.sty
Package: setspace 2011/12/19 v6.7a set line spacing
)
(/usr/share/texlive/texmf-dist/tex/latex/float/float.sty
Package: float 2001/11/08 v1.3d Float enhancements (AL)
\c@float@type=\count122
\float@exts=\toks36
\float@box=\box33
\@float@everytoks=\toks37
\@floatcapt=\box34
)
(/usr/share/texlive/texmf-dist/tex/latex/subfiles/subfiles.sty
Package: subfiles 2012/05/23 Federico Garcia
)
(/usr/share/texlive/texmf-dist/tex/latex/pdfpages/pdfpages.sty
Package: pdfpages 2013/08/25 v0.4v Insert pages of external PDF documents (AM)

(/usr/share/texlive/texmf-dist/tex/latex/base/ifthen.sty
Package: ifthen 2001/05/26 v1.1c Standard LaTeX ifthen package (DPC)
)
(/usr/share/texlive/texmf-dist/tex/latex/tools/calc.sty
Package: calc 2007/08/22 v4.3 Infix arithmetic (KKT,FJ)
\calc@Acount=\count123
\calc@Bcount=\count124
\calc@Adimen=\dimen142
\calc@Bdimen=\dimen143
\calc@Askip=\skip54
\calc@Bskip=\skip55
LaTeX Info: Redefining \setlength on input line 76.
LaTeX Info: Redefining \addtolength on input line 77.
\calc@Ccount=\count125
\calc@Cskip=\skip56
)
(/usr/share/texlive/texmf-dist/tex/latex/eso-pic/eso-pic.sty
Package: eso-pic 2013/10/06 v2.0d eso-pic (RN)
)
(/usr/share/texlive/texmf-dist/tex/latex/pdfpages/pppdftex.def
File: pppdftex.def 2013/08/25 v0.4v Pdfpages driver for pdfTeX (AM)
)
\AM@pagebox=\box35
\AM@toc@title=\toks38
\c@AM@survey=\count126
\AM@templatesizebox=\box36
)
(/usr/share/texlive/texmf-dist/tex/latex/fancyhdr/fancyhdr.sty
\fancy@headwidth=\skip57
\f@ncyO@elh=\skip58
\f@ncyO@erh=\skip59
\f@ncyO@olh=\skip60
\f@ncyO@orh=\skip61
\f@ncyO@elf=\skip62
\f@ncyO@erf=\skip63
\f@ncyO@olf=\skip64
\f@ncyO@orf=\skip65
)
(/usr/share/texlive/texmf-dist/tex/latex/rotating/rotating.sty
Package: rotating 2009/03/28 v2.16a rotated objects in LaTeX
\c@r@tfl@t=\count127
\rotFPtop=\skip66
\rotFPbot=\skip67
\rot@float@box=\box37
\rot@mess@toks=\toks39
)
(/usr/share/texlive/texmf-dist/tex/latex/caption/caption.sty
Package: caption 2013/05/02 v3.3-89 Customizing captions (AR)

(/usr/share/texlive/texmf-dist/tex/latex/caption/caption3.sty
Package: caption3 2013/05/02 v1.6-88 caption3 kernel (AR)
Package caption3 Info: TeX engine: e-TeX on input line 57.
\captionmargin=\dimen144
\captionmargin@=\dimen145
\captionwidth=\dimen146
\caption@tempdima=\dimen147
\caption@indent=\dimen148
\caption@parindent=\dimen149
\caption@hangindent=\dimen150
)
\c@ContinuedFloat=\count128
Package caption Info: float package is loaded.
Package caption Info: hyperref package is loaded.
Package caption Info: rotating package is loaded.
)
(/usr/share/texlive/texmf-dist/tex/latex/verbatimbox/verbatimbox.sty
Package: verbatimbox 2014/01/30 v3.11 Routines for placing verbatim text into b
oxes, useful in places where the verbatim environment is inaccessible. Secondar
ily, for adding vertical buffer around an object.

(/usr/share/texlive/texmf-dist/tex/latex/readarray/readarray.sty
Package: readarray 2013/05/09 v1.2 Routines for inputting array data and recall
ing it on an element-by-element basis. Currently supports 2-D and 3-D array

(/usr/share/texlive/texmf-dist/tex/latex/ifnextok/ifnextok.sty
Package: ifnextok 2011/06/27 v0.3 test next token (UL)
)
\c@@index=\count129
\c@@plane=\count130
\c@@row=\count131
\c@@col=\count132
\c@use@args=\count133
\c@@record=\count134
\c@arg@index=\count135
\c@break@count=\count136
)
\savedverbbox=\box38
\c@VerbboxLineNo=\count137
\boxtopsep=\dimen151
\boxbottomsep=\dimen152
\ps@tempdima=\dimen153
\ps@tempboxa=\box39
\boxtop@sep=\skip68
\boxbottom@sep=\skip69
)
\c@theorem=\count138
\@indexfile=\write3
\openout3 = `acf.idx'.


Writing index file acf.idx
)) (build/acf.aux
LaTeX Info: Redefining \. on input line 24.
LaTeX Info: Redefining \% on input line 24.
)
\openout1 = `acf.aux'.

LaTeX Font Info:    Checking defaults for OML/cmm/m/it on input line 3.
LaTeX Font Info:    ... okay on input line 3.
LaTeX Font Info:    Checking defaults for T1/cmr/m/n on input line 3.
LaTeX Font Info:    ... okay on input line 3.
LaTeX Font Info:    Checking defaults for OT1/cmr/m/n on input line 3.
LaTeX Font Info:    ... okay on input line 3.
LaTeX Font Info:    Checking defaults for OMS/cmsy/m/n on input line 3.
LaTeX Font Info:    ... okay on input line 3.
LaTeX Font Info:    Checking defaults for OMX/cmex/m/n on input line 3.
LaTeX Font Info:    ... okay on input line 3.
LaTeX Font Info:    Checking defaults for U/cmr/m/n on input line 3.
LaTeX Font Info:    ... okay on input line 3.
LaTeX Font Info:    Checking defaults for PD1/pdf/m/n on input line 3.
LaTeX Font Info:    ... okay on input line 3.
LaTeX Info: Redefining \. on input line 3.
LaTeX Info: Redefining \% on input line 3.

(/usr/share/texlive/texmf-dist/tex/context/base/supp-pdf.mkii
[Loading MPS to PDF converter (version 2006.09.02).]
\scratchcounter=\count139
\scratchdimen=\dimen154
\scratchbox=\box40
\nofMPsegments=\count140
\nofMParguments=\count141
\everyMPshowfont=\toks40
\MPscratchCnt=\count142
\MPscratchDim=\dimen155
\MPnumerator=\count143
\makeMPintoPDFobject=\count144
\everyMPtoPDFconversion=\toks41
) (/usr/share/texlive/texmf-dist/tex/latex/oberdiek/epstopdf-base.sty
Package: epstopdf-base 2010/02/09 v2.5 Base part for package epstopdf

(/usr/share/texlive/texmf-dist/tex/latex/oberdiek/grfext.sty
Package: grfext 2010/08/19 v1.1 Manage graphics extensions (HO)
)
Package grfext Info: Graphics extension search list:
(grfext)             [.png,.pdf,.jpg,.mps,.jpeg,.jbig2,.jb2,.PNG,.PDF,.JPG,.JPE
G,.JBIG2,.JB2,.eps]
(grfext)             \AppendGraphicsExtensions on input line 452.

(/usr/share/texlive/texmf-dist/tex/latex/latexconfig/epstopdf-sys.cfg
File: epstopdf-sys.cfg 2010/07/13 v1.3 Configuration of (r)epstopdf for TeX Liv
e
))
\AtBeginShipoutBox=\box41
Package hyperref Info: Link coloring OFF on input line 3.

(/usr/share/texlive/texmf-dist/tex/latex/hyperref/nameref.sty
Package: nameref 2012/10/27 v2.43 Cross-referencing by name of section

(/usr/share/texlive/texmf-dist/tex/generic/oberdiek/gettitlestring.sty
Package: gettitlestring 2010/12/03 v1.4 Cleanup title references (HO)
)
\c@section@level=\count145
)
LaTeX Info: Redefining \ref on input line 3.
LaTeX Info: Redefining \pageref on input line 3.
LaTeX Info: Redefining \nameref on input line 3.

(build/acf.out) (build/acf.out)
\@outlinefile=\write4
\openout4 = `acf.out'.


*geometry* driver: auto-detecting
*geometry* detected driver: pdftex
*geometry* verbose mode - [ preamble ] result:
* driver: pdftex
* paper: custom
* layout: <same size as paper>
* layoutoffset:(h,v)=(0.0pt,0.0pt)
* modes: twoside 
* h-part:(L,W,R)=(71.0pt, 438.0pt, 86.0pt)
* v-part:(T,H,B)=(56.0pt, 701.0pt, 84.0pt)
* \paperwidth=595.0pt
* \paperheight=841.0pt
* \textwidth=438.0pt
* \textheight=701.0pt
* \oddsidemargin=-1.26999pt
* \evensidemargin=13.73001pt
* \topmargin=-48.14378pt
* \headheight=12.0pt
* \headsep=19.8738pt
* \topskip=12.0pt
* \footskip=30.0pt
* \marginparwidth=88.0pt
* \marginparsep=7.0pt
* \columnsep=10.0pt
* \skip\footins=10.8pt plus 4.0pt minus 2.0pt
* \hoffset=0.0pt
* \voffset=0.0pt
* \mag=1000
* \@twocolumnfalse
* \@twosidetrue
* \@mparswitchtrue
* \@reversemarginfalse
* (1in=72.27pt=25.4mm, 1cm=28.453pt)

Package caption Info: Begin \AtBeginDocument code.
Package caption Info: End \AtBeginDocument code.
Cap\'{\i }tulo 1.
Package babel Info: Redefining spanish shorthand <<
(babel)             in language  on input line 4.
Package babel Info: Redefining spanish shorthand >>
(babel)             in language  on input line 4.
Package babel Info: Redefining spanish shorthand "=
(babel)             in language  on input line 4.
Package babel Info: Redefining spanish shorthand "~
(babel)             in language  on input line 4.
Package babel Info: Redefining spanish shorthand "!
(babel)             in language  on input line 4.
Package babel Info: Redefining spanish shorthand "?
(babel)             in language  on input line 4.
Package babel Info: Redefining spanish shorthand <<
(babel)             in language  on input line 5.
Package babel Info: Redefining spanish shorthand >>
(babel)             in language  on input line 5.
Package babel Info: Redefining spanish shorthand "=
(babel)             in language  on input line 5.
Package babel Info: Redefining spanish shorthand "~
(babel)             in language  on input line 5.
Package babel Info: Redefining spanish shorthand "!
(babel)             in language  on input line 5.
Package babel Info: Redefining spanish shorthand "?
(babel)             in language  on input line 5.
Package babel Info: Redefining spanish shorthand <<
(babel)             in language  on input line 5.
Package babel Info: Redefining spanish shorthand >>
(babel)             in language  on input line 5.
Package babel Info: Redefining spanish shorthand "=
(babel)             in language  on input line 5.
Package babel Info: Redefining spanish shorthand "~
(babel)             in language  on input line 5.
Package babel Info: Redefining spanish shorthand "!
(babel)             in language  on input line 5.
Package babel Info: Redefining spanish shorthand "?
(babel)             in language  on input line 5.
[1


{/var/lib/texmf/fonts/map/pdftex/updmap/pdftex.map}]
Package babel Info: Redefining spanish shorthand <<
(babel)             in language  on input line 7.
Package babel Info: Redefining spanish shorthand >>
(babel)             in language  on input line 7.
Package babel Info: Redefining spanish shorthand "=
(babel)             in language  on input line 7.
Package babel Info: Redefining spanish shorthand "~
(babel)             in language  on input line 7.
Package babel Info: Redefining spanish shorthand "!
(babel)             in language  on input line 7.
Package babel Info: Redefining spanish shorthand "?
(babel)             in language  on input line 7.
LaTeX Font Info:    Try loading font information for U+msa on input line 20.

(/usr/share/texlive/texmf-dist/tex/latex/amsfonts/umsa.fd
File: umsa.fd 2013/01/14 v3.01 AMS symbols A
)
LaTeX Font Info:    Try loading font information for U+msb on input line 20.

(/usr/share/texlive/texmf-dist/tex/latex/amsfonts/umsb.fd
File: umsb.fd 2013/01/14 v3.01 AMS symbols B
)
Package babel Info: Redefining spanish shorthand <<
(babel)             in language  on input line 38.
Package babel Info: Redefining spanish shorthand >>
(babel)             in language  on input line 38.
Package babel Info: Redefining spanish shorthand "=
(babel)             in language  on input line 38.
Package babel Info: Redefining spanish shorthand "~
(babel)             in language  on input line 38.
Package babel Info: Redefining spanish shorthand "!
(babel)             in language  on input line 38.
Package babel Info: Redefining spanish shorthand "?
(babel)             in language  on input line 38.

<../imagenes/figura2.png, id=111, 192.72pt x 135.50626pt>
File: ../imagenes/figura2.png Graphic file (type png)

<use ../imagenes/figura2.png>
Package pdftex.def Info: ../imagenes/figura2.png used on input line 53.
(pdftex.def)             Requested size: 192.71951pt x 135.5059pt.
Package babel Info: Redefining spanish shorthand <<
(babel)             in language  on input line 62.
Package babel Info: Redefining spanish shorthand >>
(babel)             in language  on input line 62.
Package babel Info: Redefining spanish shorthand "=
(babel)             in language  on input line 62.
Package babel Info: Redefining spanish shorthand "~
(babel)             in language  on input line 62.
Package babel Info: Redefining spanish shorthand "!
(babel)             in language  on input line 62.
Package babel Info: Redefining spanish shorthand "?
(babel)             in language  on input line 62.
Package babel Info: Redefining spanish shorthand <<
(babel)             in language  on input line 62.
Package babel Info: Redefining spanish shorthand >>
(babel)             in language  on input line 62.
Package babel Info: Redefining spanish shorthand "=
(babel)             in language  on input line 62.
Package babel Info: Redefining spanish shorthand "~
(babel)             in language  on input line 62.
Package babel Info: Redefining spanish shorthand "!
(babel)             in language  on input line 62.
Package babel Info: Redefining spanish shorthand "?
(babel)             in language  on input line 62.
 [2]
Package babel Info: Redefining spanish shorthand <<
(babel)             in language  on input line 67.
Package babel Info: Redefining spanish shorthand >>
(babel)             in language  on input line 67.
Package babel Info: Redefining spanish shorthand "=
(babel)             in language  on input line 67.
Package babel Info: Redefining spanish shorthand "~
(babel)             in language  on input line 67.
Package babel Info: Redefining spanish shorthand "!
(babel)             in language  on input line 67.
Package babel Info: Redefining spanish shorthand "?
(babel)             in language  on input line 67.

Underfull \hbox (badness 10000) in paragraph at lines 87--90

 []


Underfull \hbox (badness 10000) in paragraph at lines 87--90

 []

Package babel Info: Redefining spanish shorthand <<
(babel)             in language  on input line 93.
Package babel Info: Redefining spanish shorthand >>
(babel)             in language  on input line 93.
Package babel Info: Redefining spanish shorthand "=
(babel)             in language  on input line 93.
Package babel Info: Redefining spanish shorthand "~
(babel)             in language  on input line 93.
Package babel Info: Redefining spanish shorthand "!
(babel)             in language  on input line 93.
Package babel Info: Redefining spanish shorthand "?
(babel)             in language  on input line 93.
Package babel Info: Redefining spanish shorthand <<
(babel)             in language  on input line 93.
Package babel Info: Redefining spanish shorthand >>
(babel)             in language  on input line 93.
Package babel Info: Redefining spanish shorthand "=
(babel)             in language  on input line 93.
Package babel Info: Redefining spanish shorthand "~
(babel)             in language  on input line 93.
Package babel Info: Redefining spanish shorthand "!
(babel)             in language  on input line 93.
Package babel Info: Redefining spanish shorthand "?
(babel)             in language  on input line 93.
[3 <../imagenes/figura2.png>]
Package babel Info: Redefining spanish shorthand <<
(babel)             in language  on input line 105.
Package babel Info: Redefining spanish shorthand >>
(babel)             in language  on input line 105.
Package babel Info: Redefining spanish shorthand "=
(babel)             in language  on input line 105.
Package babel Info: Redefining spanish shorthand "~
(babel)             in language  on input line 105.
Package babel Info: Redefining spanish shorthand "!
(babel)             in language  on input line 105.
Package babel Info: Redefining spanish shorthand "?
(babel)             in language  on input line 105.

Underfull \hbox (badness 10000) in paragraph at lines 131--136

 []

Package babel Info: Redefining spanish shorthand <<
(babel)             in language  on input line 136.
Package babel Info: Redefining spanish shorthand >>
(babel)             in language  on input line 136.
Package babel Info: Redefining spanish shorthand "=
(babel)             in language  on input line 136.
Package babel Info: Redefining spanish shorthand "~
(babel)             in language  on input line 136.
Package babel Info: Redefining spanish shorthand "!
(babel)             in language  on input line 136.
Package babel Info: Redefining spanish shorthand "?
(babel)             in language  on input line 136.
Package babel Info: Redefining spanish shorthand <<
(babel)             in language  on input line 136.
Package babel Info: Redefining spanish shorthand >>
(babel)             in language  on input line 136.
Package babel Info: Redefining spanish shorthand "=
(babel)             in language  on input line 136.
Package babel Info: Redefining spanish shorthand "~
(babel)             in language  on input line 136.
Package babel Info: Redefining spanish shorthand "!
(babel)             in language  on input line 136.
Package babel Info: Redefining spanish shorthand "?
(babel)             in language  on input line 136.
[4] <../imagenes/figura3.png, id=134, 192.72pt x 135.50626pt>
File: ../imagenes/figura3.png Graphic file (type png)

<use ../imagenes/figura3.png>
Package pdftex.def Info: ../imagenes/figura3.png used on input line 185.
(pdftex.def)             Requested size: 192.71951pt x 135.5059pt.
Package babel Info: Redefining spanish shorthand <<
(babel)             in language  on input line 193.
Package babel Info: Redefining spanish shorthand >>
(babel)             in language  on input line 193.
Package babel Info: Redefining spanish shorthand "=
(babel)             in language  on input line 193.
Package babel Info: Redefining spanish shorthand "~
(babel)             in language  on input line 193.
Package babel Info: Redefining spanish shorthand "!
(babel)             in language  on input line 193.
Package babel Info: Redefining spanish shorthand "?
(babel)             in language  on input line 193.
Package babel Info: Redefining spanish shorthand <<
(babel)             in language  on input line 193.
Package babel Info: Redefining spanish shorthand >>
(babel)             in language  on input line 193.
Package babel Info: Redefining spanish shorthand "=
(babel)             in language  on input line 193.
Package babel Info: Redefining spanish shorthand "~
(babel)             in language  on input line 193.
Package babel Info: Redefining spanish shorthand "!
(babel)             in language  on input line 193.
Package babel Info: Redefining spanish shorthand "?
(babel)             in language  on input line 193.
 [5]
Package babel Info: Redefining spanish shorthand <<
(babel)             in language  on input line 194.
Package babel Info: Redefining spanish shorthand >>
(babel)             in language  on input line 194.
Package babel Info: Redefining spanish shorthand "=
(babel)             in language  on input line 194.
Package babel Info: Redefining spanish shorthand "~
(babel)             in language  on input line 194.
Package babel Info: Redefining spanish shorthand "!
(babel)             in language  on input line 194.
Package babel Info: Redefining spanish shorthand "?
(babel)             in language  on input line 194.

Overfull \hbox (23.60497pt too wide) in paragraph at lines 213--215
[]\OT1/cmr/m/n/12 Por ejem-plo, da-dos los con-cep-tos CO-CHE y VEHICU-LO tendr
^^S^^Pamos la re-la-ci^^Son $\OML/cmm/m/it/12 COCHE \OMS/cmsy/m/n/12 ^^T
 []


Underfull \hbox (badness 10000) in paragraph at lines 220--224

 []

Package babel Info: Redefining spanish shorthand <<
(babel)             in language  on input line 224.
Package babel Info: Redefining spanish shorthand >>
(babel)             in language  on input line 224.
Package babel Info: Redefining spanish shorthand "=
(babel)             in language  on input line 224.
Package babel Info: Redefining spanish shorthand "~
(babel)             in language  on input line 224.
Package babel Info: Redefining spanish shorthand "!
(babel)             in language  on input line 224.
Package babel Info: Redefining spanish shorthand "?
(babel)             in language  on input line 224.
Package babel Info: Redefining spanish shorthand <<
(babel)             in language  on input line 224.
Package babel Info: Redefining spanish shorthand >>
(babel)             in language  on input line 224.
Package babel Info: Redefining spanish shorthand "=
(babel)             in language  on input line 224.
Package babel Info: Redefining spanish shorthand "~
(babel)             in language  on input line 224.
Package babel Info: Redefining spanish shorthand "!
(babel)             in language  on input line 224.
Package babel Info: Redefining spanish shorthand "?
(babel)             in language  on input line 224.
[6 <../imagenes/figura3.png>]
<../imagenes/figura4.png, id=144, 568.1225pt x 212.795pt>
File: ../imagenes/figura4.png Graphic file (type png)

<use ../imagenes/figura4.png>
Package pdftex.def Info: ../imagenes/figura4.png used on input line 229.
(pdftex.def)             Requested size: 328.5pt x 123.04778pt.

<../imagenes/figura5.png, id=147, 439.6425pt x 268.00125pt>
File: ../imagenes/figura5.png Graphic file (type png)

<use ../imagenes/figura5.png>
Package pdftex.def Info: ../imagenes/figura5.png used on input line 265.
(pdftex.def)             Requested size: 439.64142pt x 268.00058pt.

Overfull \hbox (1.64142pt too wide) in paragraph at lines 265--266
 [][] 
 []

Package babel Info: Redefining spanish shorthand <<
(babel)             in language  on input line 270.
Package babel Info: Redefining spanish shorthand >>
(babel)             in language  on input line 270.
Package babel Info: Redefining spanish shorthand "=
(babel)             in language  on input line 270.
Package babel Info: Redefining spanish shorthand "~
(babel)             in language  on input line 270.
Package babel Info: Redefining spanish shorthand "!
(babel)             in language  on input line 270.
Package babel Info: Redefining spanish shorthand "?
(babel)             in language  on input line 270.
Package babel Info: Redefining spanish shorthand <<
(babel)             in language  on input line 280.
Package babel Info: Redefining spanish shorthand >>
(babel)             in language  on input line 280.
Package babel Info: Redefining spanish shorthand "=
(babel)             in language  on input line 280.
Package babel Info: Redefining spanish shorthand "~
(babel)             in language  on input line 280.
Package babel Info: Redefining spanish shorthand "!
(babel)             in language  on input line 280.
Package babel Info: Redefining spanish shorthand "?
(babel)             in language  on input line 280.
Package babel Info: Redefining spanish shorthand <<
(babel)             in language  on input line 280.
Package babel Info: Redefining spanish shorthand >>
(babel)             in language  on input line 280.
Package babel Info: Redefining spanish shorthand "=
(babel)             in language  on input line 280.
Package babel Info: Redefining spanish shorthand "~
(babel)             in language  on input line 280.
Package babel Info: Redefining spanish shorthand "!
(babel)             in language  on input line 280.
Package babel Info: Redefining spanish shorthand "?
(babel)             in language  on input line 280.
[7 <../imagenes/figura4.png>]
Underfull \hbox (badness 10000) in paragraph at lines 280--281

 []

LaTeX Font Info:    Try loading font information for OMS+cmr on input line 292.

(/usr/share/texlive/texmf-dist/tex/latex/base/omscmr.fd
File: omscmr.fd 1999/05/25 v2.5h Standard LaTeX font definitions
)
LaTeX Font Info:    Font shape `OMS/cmr/m/n' in size <12> not available
(Font)              Font shape `OMS/cmsy/m/n' tried instead on input line 292.
Package babel Info: Redefining spanish shorthand <<
(babel)             in language  on input line 307.
Package babel Info: Redefining spanish shorthand >>
(babel)             in language  on input line 307.
Package babel Info: Redefining spanish shorthand "=
(babel)             in language  on input line 307.
Package babel Info: Redefining spanish shorthand "~
(babel)             in language  on input line 307.
Package babel Info: Redefining spanish shorthand "!
(babel)             in language  on input line 307.
Package babel Info: Redefining spanish shorthand "?
(babel)             in language  on input line 307.
Package babel Info: Redefining spanish shorthand <<
(babel)             in language  on input line 307.
Package babel Info: Redefining spanish shorthand >>
(babel)             in language  on input line 307.
Package babel Info: Redefining spanish shorthand "=
(babel)             in language  on input line 307.
Package babel Info: Redefining spanish shorthand "~
(babel)             in language  on input line 307.
Package babel Info: Redefining spanish shorthand "!
(babel)             in language  on input line 307.
Package babel Info: Redefining spanish shorthand "?
(babel)             in language  on input line 307.
 [8 <../imagenes/figura5.png>] <../imagenes/figura6.png, id=160, 440.64626pt x 
152.57pt>
File: ../imagenes/figura6.png Graphic file (type png)

<use ../imagenes/figura6.png>
Package pdftex.def Info: ../imagenes/figura6.png used on input line 316.
(pdftex.def)             Requested size: 306.59866pt x 106.16039pt.
Package babel Info: Redefining spanish shorthand <<
(babel)             in language  on input line 350.
Package babel Info: Redefining spanish shorthand >>
(babel)             in language  on input line 350.
Package babel Info: Redefining spanish shorthand "=
(babel)             in language  on input line 350.
Package babel Info: Redefining spanish shorthand "~
(babel)             in language  on input line 350.
Package babel Info: Redefining spanish shorthand "!
(babel)             in language  on input line 350.
Package babel Info: Redefining spanish shorthand "?
(babel)             in language  on input line 350.
Package babel Info: Redefining spanish shorthand <<
(babel)             in language  on input line 350.
Package babel Info: Redefining spanish shorthand >>
(babel)             in language  on input line 350.
Package babel Info: Redefining spanish shorthand "=
(babel)             in language  on input line 350.
Package babel Info: Redefining spanish shorthand "~
(babel)             in language  on input line 350.
Package babel Info: Redefining spanish shorthand "!
(babel)             in language  on input line 350.
Package babel Info: Redefining spanish shorthand "?
(babel)             in language  on input line 350.
 [9 <../imagenes/figura6.png>]
Package babel Info: Redefining spanish shorthand <<
(babel)             in language  on input line 360.
Package babel Info: Redefining spanish shorthand >>
(babel)             in language  on input line 360.
Package babel Info: Redefining spanish shorthand "=
(babel)             in language  on input line 360.
Package babel Info: Redefining spanish shorthand "~
(babel)             in language  on input line 360.
Package babel Info: Redefining spanish shorthand "!
(babel)             in language  on input line 360.
Package babel Info: Redefining spanish shorthand "?
(babel)             in language  on input line 360.
Package babel Info: Redefining spanish shorthand <<
(babel)             in language  on input line 364.
Package babel Info: Redefining spanish shorthand >>
(babel)             in language  on input line 364.
Package babel Info: Redefining spanish shorthand "=
(babel)             in language  on input line 364.
Package babel Info: Redefining spanish shorthand "~
(babel)             in language  on input line 364.
Package babel Info: Redefining spanish shorthand "!
(babel)             in language  on input line 364.
Package babel Info: Redefining spanish shorthand "?
(babel)             in language  on input line 364.
Package babel Info: Redefining spanish shorthand <<
(babel)             in language  on input line 389.
Package babel Info: Redefining spanish shorthand >>
(babel)             in language  on input line 389.
Package babel Info: Redefining spanish shorthand "=
(babel)             in language  on input line 389.
Package babel Info: Redefining spanish shorthand "~
(babel)             in language  on input line 389.
Package babel Info: Redefining spanish shorthand "!
(babel)             in language  on input line 389.
Package babel Info: Redefining spanish shorthand "?
(babel)             in language  on input line 389.
Package babel Info: Redefining spanish shorthand <<
(babel)             in language  on input line 389.
Package babel Info: Redefining spanish shorthand >>
(babel)             in language  on input line 389.
Package babel Info: Redefining spanish shorthand "=
(babel)             in language  on input line 389.
Package babel Info: Redefining spanish shorthand "~
(babel)             in language  on input line 389.
Package babel Info: Redefining spanish shorthand "!
(babel)             in language  on input line 389.
Package babel Info: Redefining spanish shorthand "?
(babel)             in language  on input line 389.
 [10]
Package babel Info: Redefining spanish shorthand <<
(babel)             in language  on input line 396.
Package babel Info: Redefining spanish shorthand >>
(babel)             in language  on input line 396.
Package babel Info: Redefining spanish shorthand "=
(babel)             in language  on input line 396.
Package babel Info: Redefining spanish shorthand "~
(babel)             in language  on input line 396.
Package babel Info: Redefining spanish shorthand "!
(babel)             in language  on input line 396.
Package babel Info: Redefining spanish shorthand "?
(babel)             in language  on input line 396.
Package babel Info: Redefining spanish shorthand <<
(babel)             in language  on input line 430.
Package babel Info: Redefining spanish shorthand >>
(babel)             in language  on input line 430.
Package babel Info: Redefining spanish shorthand "=
(babel)             in language  on input line 430.
Package babel Info: Redefining spanish shorthand "~
(babel)             in language  on input line 430.
Package babel Info: Redefining spanish shorthand "!
(babel)             in language  on input line 430.
Package babel Info: Redefining spanish shorthand "?
(babel)             in language  on input line 430.
Package babel Info: Redefining spanish shorthand <<
(babel)             in language  on input line 439.
Package babel Info: Redefining spanish shorthand >>
(babel)             in language  on input line 439.
Package babel Info: Redefining spanish shorthand "=
(babel)             in language  on input line 439.
Package babel Info: Redefining spanish shorthand "~
(babel)             in language  on input line 439.
Package babel Info: Redefining spanish shorthand "!
(babel)             in language  on input line 439.
Package babel Info: Redefining spanish shorthand "?
(babel)             in language  on input line 439.
Package babel Info: Redefining spanish shorthand <<
(babel)             in language  on input line 439.
Package babel Info: Redefining spanish shorthand >>
(babel)             in language  on input line 439.
Package babel Info: Redefining spanish shorthand "=
(babel)             in language  on input line 439.
Package babel Info: Redefining spanish shorthand "~
(babel)             in language  on input line 439.
Package babel Info: Redefining spanish shorthand "!
(babel)             in language  on input line 439.
Package babel Info: Redefining spanish shorthand "?
(babel)             in language  on input line 439.
 [11]
Package babel Info: Redefining spanish shorthand <<
(babel)             in language  on input line 450.
Package babel Info: Redefining spanish shorthand >>
(babel)             in language  on input line 450.
Package babel Info: Redefining spanish shorthand "=
(babel)             in language  on input line 450.
Package babel Info: Redefining spanish shorthand "~
(babel)             in language  on input line 450.
Package babel Info: Redefining spanish shorthand "!
(babel)             in language  on input line 450.
Package babel Info: Redefining spanish shorthand "?
(babel)             in language  on input line 450.
Package babel Info: Redefining spanish shorthand <<
(babel)             in language  on input line 463.
Package babel Info: Redefining spanish shorthand >>
(babel)             in language  on input line 463.
Package babel Info: Redefining spanish shorthand "=
(babel)             in language  on input line 463.
Package babel Info: Redefining spanish shorthand "~
(babel)             in language  on input line 463.
Package babel Info: Redefining spanish shorthand "!
(babel)             in language  on input line 463.
Package babel Info: Redefining spanish shorthand "?
(babel)             in language  on input line 463.
Package babel Info: Redefining spanish shorthand <<
(babel)             in language  on input line 478.
Package babel Info: Redefining spanish shorthand >>
(babel)             in language  on input line 478.
Package babel Info: Redefining spanish shorthand "=
(babel)             in language  on input line 478.
Package babel Info: Redefining spanish shorthand "~
(babel)             in language  on input line 478.
Package babel Info: Redefining spanish shorthand "!
(babel)             in language  on input line 478.
Package babel Info: Redefining spanish shorthand "?
(babel)             in language  on input line 478.

Underfull \hbox (badness 10000) in paragraph at lines 484--486

 []

Package babel Info: Redefining spanish shorthand <<
(babel)             in language  on input line 486.
Package babel Info: Redefining spanish shorthand >>
(babel)             in language  on input line 486.
Package babel Info: Redefining spanish shorthand "=
(babel)             in language  on input line 486.
Package babel Info: Redefining spanish shorthand "~
(babel)             in language  on input line 486.
Package babel Info: Redefining spanish shorthand "!
(babel)             in language  on input line 486.
Package babel Info: Redefining spanish shorthand "?
(babel)             in language  on input line 486.
Package babel Info: Redefining spanish shorthand <<
(babel)             in language  on input line 486.
Package babel Info: Redefining spanish shorthand >>
(babel)             in language  on input line 486.
Package babel Info: Redefining spanish shorthand "=
(babel)             in language  on input line 486.
Package babel Info: Redefining spanish shorthand "~
(babel)             in language  on input line 486.
Package babel Info: Redefining spanish shorthand "!
(babel)             in language  on input line 486.
Package babel Info: Redefining spanish shorthand "?
(babel)             in language  on input line 486.
[12]
Package babel Info: Redefining spanish shorthand <<
(babel)             in language  on input line 508.
Package babel Info: Redefining spanish shorthand >>
(babel)             in language  on input line 508.
Package babel Info: Redefining spanish shorthand "=
(babel)             in language  on input line 508.
Package babel Info: Redefining spanish shorthand "~
(babel)             in language  on input line 508.
Package babel Info: Redefining spanish shorthand "!
(babel)             in language  on input line 508.
Package babel Info: Redefining spanish shorthand "?
(babel)             in language  on input line 508.
Package babel Info: Redefining spanish shorthand <<
(babel)             in language  on input line 525.
Package babel Info: Redefining spanish shorthand >>
(babel)             in language  on input line 525.
Package babel Info: Redefining spanish shorthand "=
(babel)             in language  on input line 525.
Package babel Info: Redefining spanish shorthand "~
(babel)             in language  on input line 525.
Package babel Info: Redefining spanish shorthand "!
(babel)             in language  on input line 525.
Package babel Info: Redefining spanish shorthand "?
(babel)             in language  on input line 525.
Package babel Info: Redefining spanish shorthand <<
(babel)             in language  on input line 550.
Package babel Info: Redefining spanish shorthand >>
(babel)             in language  on input line 550.
Package babel Info: Redefining spanish shorthand "=
(babel)             in language  on input line 550.
Package babel Info: Redefining spanish shorthand "~
(babel)             in language  on input line 550.
Package babel Info: Redefining spanish shorthand "!
(babel)             in language  on input line 550.
Package babel Info: Redefining spanish shorthand "?
(babel)             in language  on input line 550.
Package babel Info: Redefining spanish shorthand <<
(babel)             in language  on input line 550.
Package babel Info: Redefining spanish shorthand >>
(babel)             in language  on input line 550.
Package babel Info: Redefining spanish shorthand "=
(babel)             in language  on input line 550.
Package babel Info: Redefining spanish shorthand "~
(babel)             in language  on input line 550.
Package babel Info: Redefining spanish shorthand "!
(babel)             in language  on input line 550.
Package babel Info: Redefining spanish shorthand "?
(babel)             in language  on input line 550.
 [13]
Package babel Info: Redefining spanish shorthand <<
(babel)             in language  on input line 558.
Package babel Info: Redefining spanish shorthand >>
(babel)             in language  on input line 558.
Package babel Info: Redefining spanish shorthand "=
(babel)             in language  on input line 558.
Package babel Info: Redefining spanish shorthand "~
(babel)             in language  on input line 558.
Package babel Info: Redefining spanish shorthand "!
(babel)             in language  on input line 558.
Package babel Info: Redefining spanish shorthand "?
(babel)             in language  on input line 558.
Package babel Info: Redefining spanish shorthand <<
(babel)             in language  on input line 597.
Package babel Info: Redefining spanish shorthand >>
(babel)             in language  on input line 597.
Package babel Info: Redefining spanish shorthand "=
(babel)             in language  on input line 597.
Package babel Info: Redefining spanish shorthand "~
(babel)             in language  on input line 597.
Package babel Info: Redefining spanish shorthand "!
(babel)             in language  on input line 597.
Package babel Info: Redefining spanish shorthand "?
(babel)             in language  on input line 597.
Package babel Info: Redefining spanish shorthand <<
(babel)             in language  on input line 604.
Package babel Info: Redefining spanish shorthand >>
(babel)             in language  on input line 604.
Package babel Info: Redefining spanish shorthand "=
(babel)             in language  on input line 604.
Package babel Info: Redefining spanish shorthand "~
(babel)             in language  on input line 604.
Package babel Info: Redefining spanish shorthand "!
(babel)             in language  on input line 604.
Package babel Info: Redefining spanish shorthand "?
(babel)             in language  on input line 604.
Package babel Info: Redefining spanish shorthand <<
(babel)             in language  on input line 604.
Package babel Info: Redefining spanish shorthand >>
(babel)             in language  on input line 604.
Package babel Info: Redefining spanish shorthand "=
(babel)             in language  on input line 604.
Package babel Info: Redefining spanish shorthand "~
(babel)             in language  on input line 604.
Package babel Info: Redefining spanish shorthand "!
(babel)             in language  on input line 604.
Package babel Info: Redefining spanish shorthand "?
(babel)             in language  on input line 604.
 [14] <../imagenes/figura7.png, id=228, 428.60126pt x 140.525pt>
File: ../imagenes/figura7.png Graphic file (type png)

<use ../imagenes/figura7.png>
Package pdftex.def Info: ../imagenes/figura7.png used on input line 621.
(pdftex.def)             Requested size: 284.69733pt x 93.34286pt.

<../imagenes/figura8.PNG, id=229, 195.73125pt x 230.36063pt>
File: ../imagenes/figura8.PNG Graphic file (type png)

<use ../imagenes/figura8.PNG>
Package pdftex.def Info: ../imagenes/figura8.PNG used on input line 635.
(pdftex.def)             Requested size: 153.30267pt x 180.43628pt.

<../imagenes/figura9.PNG, id=230, 271.0125pt x 341.275pt>
File: ../imagenes/figura9.PNG Graphic file (type png)

<use ../imagenes/figura9.PNG>
Package pdftex.def Info: ../imagenes/figura9.PNG used on input line 647.
(pdftex.def)             Requested size: 153.30267pt x 193.05505pt.
Package babel Info: Redefining spanish shorthand <<
(babel)             in language  on input line 651.
Package babel Info: Redefining spanish shorthand >>
(babel)             in language  on input line 651.
Package babel Info: Redefining spanish shorthand "=
(babel)             in language  on input line 651.
Package babel Info: Redefining spanish shorthand "~
(babel)             in language  on input line 651.
Package babel Info: Redefining spanish shorthand "!
(babel)             in language  on input line 651.
Package babel Info: Redefining spanish shorthand "?
(babel)             in language  on input line 651.
Package babel Info: Redefining spanish shorthand <<
(babel)             in language  on input line 651.
Package babel Info: Redefining spanish shorthand >>
(babel)             in language  on input line 651.
Package babel Info: Redefining spanish shorthand "=
(babel)             in language  on input line 651.
Package babel Info: Redefining spanish shorthand "~
(babel)             in language  on input line 651.
Package babel Info: Redefining spanish shorthand "!
(babel)             in language  on input line 651.
Package babel Info: Redefining spanish shorthand "?
(babel)             in language  on input line 651.
 [15 <../imagenes/figura7.png> <../imagenes/figura8.PNG>] <../imagenes/figura10
.png, id=237, 253.94875pt x 340.27126pt>
File: ../imagenes/figura10.png Graphic file (type png)

<use ../imagenes/figura10.png>
Package pdftex.def Info: ../imagenes/figura10.png used on input line 657.
(pdftex.def)             Requested size: 153.30267pt x 205.4208pt.
Package babel Info: Redefining spanish shorthand <<
(babel)             in language  on input line 663.
Package babel Info: Redefining spanish shorthand >>
(babel)             in language  on input line 663.
Package babel Info: Redefining spanish shorthand "=
(babel)             in language  on input line 663.
Package babel Info: Redefining spanish shorthand "~
(babel)             in language  on input line 663.
Package babel Info: Redefining spanish shorthand "!
(babel)             in language  on input line 663.
Package babel Info: Redefining spanish shorthand "?
(babel)             in language  on input line 663.

Underfull \hbox (badness 10000) in paragraph at lines 668--669

 []

Package babel Info: Redefining spanish shorthand <<
(babel)             in language  on input line 669.
Package babel Info: Redefining spanish shorthand >>
(babel)             in language  on input line 669.
Package babel Info: Redefining spanish shorthand "=
(babel)             in language  on input line 669.
Package babel Info: Redefining spanish shorthand "~
(babel)             in language  on input line 669.
Package babel Info: Redefining spanish shorthand "!
(babel)             in language  on input line 669.
Package babel Info: Redefining spanish shorthand "?
(babel)             in language  on input line 669.
Package babel Info: Redefining spanish shorthand <<
(babel)             in language  on input line 669.
Package babel Info: Redefining spanish shorthand >>
(babel)             in language  on input line 669.
Package babel Info: Redefining spanish shorthand "=
(babel)             in language  on input line 669.
Package babel Info: Redefining spanish shorthand "~
(babel)             in language  on input line 669.
Package babel Info: Redefining spanish shorthand "!
(babel)             in language  on input line 669.
Package babel Info: Redefining spanish shorthand "?
(babel)             in language  on input line 669.
[16 <../imagenes/figura9.PNG> <../imagenes/figura10.png>]
Underfull \hbox (badness 10000) in paragraph at lines 679--680

 []


Underfull \hbox (badness 10000) in paragraph at lines 679--680

 []


Underfull \hbox (badness 10000) in paragraph at lines 679--680

 []

<../imagenes/figura11.png, id=244, 422.57875pt x 91.34125pt>
File: ../imagenes/figura11.png Graphic file (type png)

<use ../imagenes/figura11.png>
Package pdftex.def Info: ../imagenes/figura11.png used on input line 687.
(pdftex.def)             Requested size: 422.57771pt x 91.34102pt.

Underfull \hbox (badness 10000) in paragraph at lines 693--696

 []

Package babel Info: Redefining spanish shorthand <<
(babel)             in language  on input line 710.
Package babel Info: Redefining spanish shorthand >>
(babel)             in language  on input line 710.
Package babel Info: Redefining spanish shorthand "=
(babel)             in language  on input line 710.
Package babel Info: Redefining spanish shorthand "~
(babel)             in language  on input line 710.
Package babel Info: Redefining spanish shorthand "!
(babel)             in language  on input line 710.
Package babel Info: Redefining spanish shorthand "?
(babel)             in language  on input line 710.
Package babel Info: Redefining spanish shorthand <<
(babel)             in language  on input line 710.
Package babel Info: Redefining spanish shorthand >>
(babel)             in language  on input line 710.
Package babel Info: Redefining spanish shorthand "=
(babel)             in language  on input line 710.
Package babel Info: Redefining spanish shorthand "~
(babel)             in language  on input line 710.
Package babel Info: Redefining spanish shorthand "!
(babel)             in language  on input line 710.
Package babel Info: Redefining spanish shorthand "?
(babel)             in language  on input line 710.
[17 <../imagenes/figura11.png>]
Underfull \hbox (badness 10000) in paragraph at lines 710--713

 []

<../imagenes/figura12.png, id=253, 342.27875pt x 112.42pt>
File: ../imagenes/figura12.png Graphic file (type png)

<use ../imagenes/figura12.png>
Package pdftex.def Info: ../imagenes/figura12.png used on input line 718.
(pdftex.def)             Requested size: 284.69733pt x 93.51442pt.

Overfull \hbox (15.22127pt too wide) in paragraph at lines 731--733
[]\OT1/cmr/m/n/12 La (no-)reducibilidad en $[]$ est^^Sa co-nec-ta-do con la lla
-ma-da $[]$-(ir-)reducibilidad
 []

Package babel Info: Redefining spanish shorthand <<
(babel)             in language  on input line 764.
Package babel Info: Redefining spanish shorthand >>
(babel)             in language  on input line 764.
Package babel Info: Redefining spanish shorthand "=
(babel)             in language  on input line 764.
Package babel Info: Redefining spanish shorthand "~
(babel)             in language  on input line 764.
Package babel Info: Redefining spanish shorthand "!
(babel)             in language  on input line 764.
Package babel Info: Redefining spanish shorthand "?
(babel)             in language  on input line 764.
Package babel Info: Redefining spanish shorthand <<
(babel)             in language  on input line 764.
Package babel Info: Redefining spanish shorthand >>
(babel)             in language  on input line 764.
Package babel Info: Redefining spanish shorthand "=
(babel)             in language  on input line 764.
Package babel Info: Redefining spanish shorthand "~
(babel)             in language  on input line 764.
Package babel Info: Redefining spanish shorthand "!
(babel)             in language  on input line 764.
Package babel Info: Redefining spanish shorthand "?
(babel)             in language  on input line 764.
[18 <../imagenes/figura12.png>]
Underfull \hbox (badness 10000) in paragraph at lines 764--766

 []

<../imagenes/figura13.png, id=262, 709.65125pt x 130.4875pt>
File: ../imagenes/figura13.png Graphic file (type png)

<use ../imagenes/figura13.png>
Package pdftex.def Info: ../imagenes/figura13.png used on input line 777.
(pdftex.def)             Requested size: 372.30267pt x 68.45917pt.
Package babel Info: Redefining spanish shorthand <<
(babel)             in language  on input line 817.
Package babel Info: Redefining spanish shorthand >>
(babel)             in language  on input line 817.
Package babel Info: Redefining spanish shorthand "=
(babel)             in language  on input line 817.
Package babel Info: Redefining spanish shorthand "~
(babel)             in language  on input line 817.
Package babel Info: Redefining spanish shorthand "!
(babel)             in language  on input line 817.
Package babel Info: Redefining spanish shorthand "?
(babel)             in language  on input line 817.
Package babel Info: Redefining spanish shorthand <<
(babel)             in language  on input line 817.
Package babel Info: Redefining spanish shorthand >>
(babel)             in language  on input line 817.
Package babel Info: Redefining spanish shorthand "=
(babel)             in language  on input line 817.
Package babel Info: Redefining spanish shorthand "~
(babel)             in language  on input line 817.
Package babel Info: Redefining spanish shorthand "!
(babel)             in language  on input line 817.
Package babel Info: Redefining spanish shorthand "?
(babel)             in language  on input line 817.
 [19 <../imagenes/figura13.png>]
Package babel Info: Redefining spanish shorthand <<
(babel)             in language  on input line 819.
Package babel Info: Redefining spanish shorthand >>
(babel)             in language  on input line 819.
Package babel Info: Redefining spanish shorthand "=
(babel)             in language  on input line 819.
Package babel Info: Redefining spanish shorthand "~
(babel)             in language  on input line 819.
Package babel Info: Redefining spanish shorthand "!
(babel)             in language  on input line 819.
Package babel Info: Redefining spanish shorthand "?
(babel)             in language  on input line 819.

Underfull \hbox (badness 10000) in paragraph at lines 821--822

 []

<../imagenes/figura14.png, id=271, 664.4825pt x 145.54375pt>
File: ../imagenes/figura14.png Graphic file (type png)

<use ../imagenes/figura14.png>
Package pdftex.def Info: ../imagenes/figura14.png used on input line 847.
(pdftex.def)             Requested size: 438.0pt x 95.93701pt.
Package babel Info: Redefining spanish shorthand <<
(babel)             in language  on input line 884.
Package babel Info: Redefining spanish shorthand >>
(babel)             in language  on input line 884.
Package babel Info: Redefining spanish shorthand "=
(babel)             in language  on input line 884.
Package babel Info: Redefining spanish shorthand "~
(babel)             in language  on input line 884.
Package babel Info: Redefining spanish shorthand "!
(babel)             in language  on input line 884.
Package babel Info: Redefining spanish shorthand "?
(babel)             in language  on input line 884.
Package babel Info: Redefining spanish shorthand <<
(babel)             in language  on input line 884.
Package babel Info: Redefining spanish shorthand >>
(babel)             in language  on input line 884.
Package babel Info: Redefining spanish shorthand "=
(babel)             in language  on input line 884.
Package babel Info: Redefining spanish shorthand "~
(babel)             in language  on input line 884.
Package babel Info: Redefining spanish shorthand "!
(babel)             in language  on input line 884.
Package babel Info: Redefining spanish shorthand "?
(babel)             in language  on input line 884.
 [20 <../imagenes/figura14.png>]
<../imagenes/figura15.png, id=278, 428.60126pt x 160.6pt>
File: ../imagenes/figura15.png Graphic file (type png)

<use ../imagenes/figura15.png>
Package pdftex.def Info: ../imagenes/figura15.png used on input line 897.
(pdftex.def)             Requested size: 328.5pt x 123.09138pt.

<../imagenes/figura16.png, id=279, 428.60126pt x 160.6pt>
File: ../imagenes/figura16.png Graphic file (type png)

<use ../imagenes/figura16.png>
Package pdftex.def Info: ../imagenes/figura16.png used on input line 924.
(pdftex.def)             Requested size: 306.59866pt x 114.88448pt.
Package babel Info: Redefining spanish shorthand <<
(babel)             in language  on input line 928.
Package babel Info: Redefining spanish shorthand >>
(babel)             in language  on input line 928.
Package babel Info: Redefining spanish shorthand "=
(babel)             in language  on input line 928.
Package babel Info: Redefining spanish shorthand "~
(babel)             in language  on input line 928.
Package babel Info: Redefining spanish shorthand "!
(babel)             in language  on input line 928.
Package babel Info: Redefining spanish shorthand "?
(babel)             in language  on input line 928.
Package babel Info: Redefining spanish shorthand <<
(babel)             in language  on input line 928.
Package babel Info: Redefining spanish shorthand >>
(babel)             in language  on input line 928.
Package babel Info: Redefining spanish shorthand "=
(babel)             in language  on input line 928.
Package babel Info: Redefining spanish shorthand "~
(babel)             in language  on input line 928.
Package babel Info: Redefining spanish shorthand "!
(babel)             in language  on input line 928.
Package babel Info: Redefining spanish shorthand "?
(babel)             in language  on input line 928.
 [21 <../imagenes/figura15.png>]
<../imagenes/figura17.png, id=289, 342.27875pt x 107.40125pt>
File: ../imagenes/figura17.png Graphic file (type png)

<use ../imagenes/figura17.png>
Package pdftex.def Info: ../imagenes/figura17.png used on input line 933.
(pdftex.def)             Requested size: 284.69733pt x 89.33965pt.

Overfull \hbox (3.06122pt too wide) in paragraph at lines 952--954
[]$[] \OMS/cmsy/m/n/12 7! []$ \OT1/cmr/m/n/12 es un iso-mor-fis-mo de $\OMS/cms
y/m/n/12 B\OT1/cmr/m/n/12 (\OML/cmm/m/it/12 X[]; Y[]; I[]\OT1/cmr/m/n/12 )$ en 
$\OMS/cmsy/m/n/12 B\OT1/cmr/m/n/12 (\OML/cmm/m/it/12 X[]; Y[]; I[]\OT1/cmr/m/n/
12 )$. 
 []

Package babel Info: Redefining spanish shorthand <<
(babel)             in language  on input line 968.
Package babel Info: Redefining spanish shorthand >>
(babel)             in language  on input line 968.
Package babel Info: Redefining spanish shorthand "=
(babel)             in language  on input line 968.
Package babel Info: Redefining spanish shorthand "~
(babel)             in language  on input line 968.
Package babel Info: Redefining spanish shorthand "!
(babel)             in language  on input line 968.
Package babel Info: Redefining spanish shorthand "?
(babel)             in language  on input line 968.
Package babel Info: Redefining spanish shorthand <<
(babel)             in language  on input line 968.
Package babel Info: Redefining spanish shorthand >>
(babel)             in language  on input line 968.
Package babel Info: Redefining spanish shorthand "=
(babel)             in language  on input line 968.
Package babel Info: Redefining spanish shorthand "~
(babel)             in language  on input line 968.
Package babel Info: Redefining spanish shorthand "!
(babel)             in language  on input line 968.
Package babel Info: Redefining spanish shorthand "?
(babel)             in language  on input line 968.
[22 <../imagenes/figura16.png> <../imagenes/figura17.png>]
<../imagenes/figura18.png, id=299, 489.83pt x 118.4425pt>
File: ../imagenes/figura18.png Graphic file (type png)

<use ../imagenes/figura18.png>
Package pdftex.def Info: ../imagenes/figura18.png used on input line 977.
(pdftex.def)             Requested size: 438.0pt x 105.9123pt.
Package babel Info: Redefining spanish shorthand <<
(babel)             in language  on input line 1018.
Package babel Info: Redefining spanish shorthand >>
(babel)             in language  on input line 1018.
Package babel Info: Redefining spanish shorthand "=
(babel)             in language  on input line 1018.
Package babel Info: Redefining spanish shorthand "~
(babel)             in language  on input line 1018.
Package babel Info: Redefining spanish shorthand "!
(babel)             in language  on input line 1018.
Package babel Info: Redefining spanish shorthand "?
(babel)             in language  on input line 1018.
Package babel Info: Redefining spanish shorthand <<
(babel)             in language  on input line 1018.
Package babel Info: Redefining spanish shorthand >>
(babel)             in language  on input line 1018.
Package babel Info: Redefining spanish shorthand "=
(babel)             in language  on input line 1018.
Package babel Info: Redefining spanish shorthand "~
(babel)             in language  on input line 1018.
Package babel Info: Redefining spanish shorthand "!
(babel)             in language  on input line 1018.
Package babel Info: Redefining spanish shorthand "?
(babel)             in language  on input line 1018.
 [23 <../imagenes/figura18.png>]
Overfull \hbox (9.87433pt too wide) in paragraph at lines 1033--1035
[]\OT1/cmr/m/n/12 por lo que $\OML/cmm/m/it/12 B[] \OT1/cmr/m/n/12 = \OML/cmm/m
/it/12 B[] \OMS/cmsy/m/n/12 [ [] \OT1/cmr/m/n/12 = []$. Por eso, $[] = []$. 
 []

Package babel Info: Redefining spanish shorthand <<
(babel)             in language  on input line 1063.
Package babel Info: Redefining spanish shorthand >>
(babel)             in language  on input line 1063.
Package babel Info: Redefining spanish shorthand "=
(babel)             in language  on input line 1063.
Package babel Info: Redefining spanish shorthand "~
(babel)             in language  on input line 1063.
Package babel Info: Redefining spanish shorthand "!
(babel)             in language  on input line 1063.
Package babel Info: Redefining spanish shorthand "?
(babel)             in language  on input line 1063.
Package babel Info: Redefining spanish shorthand <<
(babel)             in language  on input line 1081.
Package babel Info: Redefining spanish shorthand >>
(babel)             in language  on input line 1081.
Package babel Info: Redefining spanish shorthand "=
(babel)             in language  on input line 1081.
Package babel Info: Redefining spanish shorthand "~
(babel)             in language  on input line 1081.
Package babel Info: Redefining spanish shorthand "!
(babel)             in language  on input line 1081.
Package babel Info: Redefining spanish shorthand "?
(babel)             in language  on input line 1081.
Package babel Info: Redefining spanish shorthand <<
(babel)             in language  on input line 1085.
Package babel Info: Redefining spanish shorthand >>
(babel)             in language  on input line 1085.
Package babel Info: Redefining spanish shorthand "=
(babel)             in language  on input line 1085.
Package babel Info: Redefining spanish shorthand "~
(babel)             in language  on input line 1085.
Package babel Info: Redefining spanish shorthand "!
(babel)             in language  on input line 1085.
Package babel Info: Redefining spanish shorthand "?
(babel)             in language  on input line 1085.
Package babel Info: Redefining spanish shorthand <<
(babel)             in language  on input line 1085.
Package babel Info: Redefining spanish shorthand >>
(babel)             in language  on input line 1085.
Package babel Info: Redefining spanish shorthand "=
(babel)             in language  on input line 1085.
Package babel Info: Redefining spanish shorthand "~
(babel)             in language  on input line 1085.
Package babel Info: Redefining spanish shorthand "!
(babel)             in language  on input line 1085.
Package babel Info: Redefining spanish shorthand "?
(babel)             in language  on input line 1085.
[24]
Underfull \hbox (badness 10000) in paragraph at lines 1087--1088

 []


Underfull \hbox (badness 10000) in paragraph at lines 1099--1101

 []


Underfull \hbox (badness 10000) in paragraph at lines 1115--1117

 []

<../imagenes/figura19.png, id=317, 213.79875pt x 90.3375pt>
File: ../imagenes/figura19.png Graphic file (type png)

<use ../imagenes/figura19.png>
Package pdftex.def Info: ../imagenes/figura19.png used on input line 1129.
(pdftex.def)             Requested size: 213.79822pt x 90.33727pt.

Underfull \vbox (badness 10000) has occurred while \output is active []

Package babel Info: Redefining spanish shorthand <<
(babel)             in language  on input line 1132.
Package babel Info: Redefining spanish shorthand >>
(babel)             in language  on input line 1132.
Package babel Info: Redefining spanish shorthand "=
(babel)             in language  on input line 1132.
Package babel Info: Redefining spanish shorthand "~
(babel)             in language  on input line 1132.
Package babel Info: Redefining spanish shorthand "!
(babel)             in language  on input line 1132.
Package babel Info: Redefining spanish shorthand "?
(babel)             in language  on input line 1132.
Package babel Info: Redefining spanish shorthand <<
(babel)             in language  on input line 1132.
Package babel Info: Redefining spanish shorthand >>
(babel)             in language  on input line 1132.
Package babel Info: Redefining spanish shorthand "=
(babel)             in language  on input line 1132.
Package babel Info: Redefining spanish shorthand "~
(babel)             in language  on input line 1132.
Package babel Info: Redefining spanish shorthand "!
(babel)             in language  on input line 1132.
Package babel Info: Redefining spanish shorthand "?
(babel)             in language  on input line 1132.
 [25]
Underfull \hbox (badness 10000) in paragraph at lines 1186--1187

 []

Package babel Info: Redefining spanish shorthand <<
(babel)             in language  on input line 1188.
Package babel Info: Redefining spanish shorthand >>
(babel)             in language  on input line 1188.
Package babel Info: Redefining spanish shorthand "=
(babel)             in language  on input line 1188.
Package babel Info: Redefining spanish shorthand "~
(babel)             in language  on input line 1188.
Package babel Info: Redefining spanish shorthand "!
(babel)             in language  on input line 1188.
Package babel Info: Redefining spanish shorthand "?
(babel)             in language  on input line 1188.
Package babel Info: Redefining spanish shorthand <<
(babel)             in language  on input line 1188.
Package babel Info: Redefining spanish shorthand >>
(babel)             in language  on input line 1188.
Package babel Info: Redefining spanish shorthand "=
(babel)             in language  on input line 1188.
Package babel Info: Redefining spanish shorthand "~
(babel)             in language  on input line 1188.
Package babel Info: Redefining spanish shorthand "!
(babel)             in language  on input line 1188.
Package babel Info: Redefining spanish shorthand "?
(babel)             in language  on input line 1188.
[26 <../imagenes/figura19.png>]
Underfull \hbox (badness 10000) in paragraph at lines 1188--1190

 []


Overfull \hbox (5.78012pt too wide) in paragraph at lines 1199--1201
[]\OT1/cmr/m/n/12 La com-ple-ji-dad compu-tacio-nal de Next-Closure de-pen-de d
e la com-ple-ji-dad compu-
 []

Package babel Info: Redefining spanish shorthand <<
(babel)             in language  on input line 1203.
Package babel Info: Redefining spanish shorthand >>
(babel)             in language  on input line 1203.
Package babel Info: Redefining spanish shorthand "=
(babel)             in language  on input line 1203.
Package babel Info: Redefining spanish shorthand "~
(babel)             in language  on input line 1203.
Package babel Info: Redefining spanish shorthand "!
(babel)             in language  on input line 1203.
Package babel Info: Redefining spanish shorthand "?
(babel)             in language  on input line 1203.

Underfull \hbox (badness 10000) in paragraph at lines 1209--1210

 []


Underfull \hbox (badness 10000) in paragraph at lines 1231--1233

 []

Package babel Info: Redefining spanish shorthand <<
(babel)             in language  on input line 1234.
Package babel Info: Redefining spanish shorthand >>
(babel)             in language  on input line 1234.
Package babel Info: Redefining spanish shorthand "=
(babel)             in language  on input line 1234.
Package babel Info: Redefining spanish shorthand "~
(babel)             in language  on input line 1234.
Package babel Info: Redefining spanish shorthand "!
(babel)             in language  on input line 1234.
Package babel Info: Redefining spanish shorthand "?
(babel)             in language  on input line 1234.
Package babel Info: Redefining spanish shorthand <<
(babel)             in language  on input line 1234.
Package babel Info: Redefining spanish shorthand >>
(babel)             in language  on input line 1234.
Package babel Info: Redefining spanish shorthand "=
(babel)             in language  on input line 1234.
Package babel Info: Redefining spanish shorthand "~
(babel)             in language  on input line 1234.
Package babel Info: Redefining spanish shorthand "!
(babel)             in language  on input line 1234.
Package babel Info: Redefining spanish shorthand "?
(babel)             in language  on input line 1234.
[27]
Package babel Info: Redefining spanish shorthand <<
(babel)             in language  on input line 1257.
Package babel Info: Redefining spanish shorthand >>
(babel)             in language  on input line 1257.
Package babel Info: Redefining spanish shorthand "=
(babel)             in language  on input line 1257.
Package babel Info: Redefining spanish shorthand "~
(babel)             in language  on input line 1257.
Package babel Info: Redefining spanish shorthand "!
(babel)             in language  on input line 1257.
Package babel Info: Redefining spanish shorthand "?
(babel)             in language  on input line 1257.
 <../imagenes/figura20.png, id=344, 472.76625pt x 282.05376pt>
File: ../imagenes/figura20.png Graphic file (type png)

<use ../imagenes/figura20.png>
Package pdftex.def Info: ../imagenes/figura20.png used on input line 1264.
(pdftex.def)             Requested size: 240.90134pt x 143.72499pt.
Package babel Info: Redefining spanish shorthand <<
(babel)             in language  on input line 1275.
Package babel Info: Redefining spanish shorthand >>
(babel)             in language  on input line 1275.
Package babel Info: Redefining spanish shorthand "=
(babel)             in language  on input line 1275.
Package babel Info: Redefining spanish shorthand "~
(babel)             in language  on input line 1275.
Package babel Info: Redefining spanish shorthand "!
(babel)             in language  on input line 1275.
Package babel Info: Redefining spanish shorthand "?
(babel)             in language  on input line 1275.
Package babel Info: Redefining spanish shorthand <<
(babel)             in language  on input line 1275.
Package babel Info: Redefining spanish shorthand >>
(babel)             in language  on input line 1275.
Package babel Info: Redefining spanish shorthand "=
(babel)             in language  on input line 1275.
Package babel Info: Redefining spanish shorthand "~
(babel)             in language  on input line 1275.
Package babel Info: Redefining spanish shorthand "!
(babel)             in language  on input line 1275.
Package babel Info: Redefining spanish shorthand "?
(babel)             in language  on input line 1275.
 [28 <../imagenes/figura20.png>]
File: ../imagenes/figura20.png Graphic file (type png)

<use ../imagenes/figura20.png>
Package pdftex.def Info: ../imagenes/figura20.png used on input line 1307.
(pdftex.def)             Requested size: 240.90134pt x 143.72499pt.
Package babel Info: Redefining spanish shorthand <<
(babel)             in language  on input line 1317.
Package babel Info: Redefining spanish shorthand >>
(babel)             in language  on input line 1317.
Package babel Info: Redefining spanish shorthand "=
(babel)             in language  on input line 1317.
Package babel Info: Redefining spanish shorthand "~
(babel)             in language  on input line 1317.
Package babel Info: Redefining spanish shorthand "!
(babel)             in language  on input line 1317.
Package babel Info: Redefining spanish shorthand "?
(babel)             in language  on input line 1317.
Package babel Info: Redefining spanish shorthand <<
(babel)             in language  on input line 1317.
Package babel Info: Redefining spanish shorthand >>
(babel)             in language  on input line 1317.
Package babel Info: Redefining spanish shorthand "=
(babel)             in language  on input line 1317.
Package babel Info: Redefining spanish shorthand "~
(babel)             in language  on input line 1317.
Package babel Info: Redefining spanish shorthand "!
(babel)             in language  on input line 1317.
Package babel Info: Redefining spanish shorthand "?
(babel)             in language  on input line 1317.
 [29]
Overfull \hbox (4.41321pt too wide) in paragraph at lines 1321--1322
[]\OT1/cmr/m/n/12 Con lo que te-ne-mos que, $\OML/cmm/m/it/12 age\OT1/cmr/m/n/1
2 (\OML/cmm/m/it/12 Alice\OT1/cmr/m/n/12 ) = 23\OML/cmm/m/it/12 ; education\OT1
/cmr/m/n/12 (\OML/cmm/m/it/12 Alice\OT1/cmr/m/n/12 ) = \OML/cmm/m/it/12 BS; sym
ptom\OT1/cmr/m/n/12 (\OML/cmm/m/it/12 George\OT1/cmr/m/n/12 ) =
 []

Package babel Info: Redefining spanish shorthand <<
(babel)             in language  on input line 1323.
Package babel Info: Redefining spanish shorthand >>
(babel)             in language  on input line 1323.
Package babel Info: Redefining spanish shorthand "=
(babel)             in language  on input line 1323.
Package babel Info: Redefining spanish shorthand "~
(babel)             in language  on input line 1323.
Package babel Info: Redefining spanish shorthand "!
(babel)             in language  on input line 1323.
Package babel Info: Redefining spanish shorthand "?
(babel)             in language  on input line 1323.

Underfull \hbox (badness 10000) in paragraph at lines 1330--1334

 []

<../imagenes/figura21.png, id=363, 342.27875pt x 90.3375pt>
File: ../imagenes/figura21.png Graphic file (type png)

<use ../imagenes/figura21.png>
Package pdftex.def Info: ../imagenes/figura21.png used on input line 1339.
(pdftex.def)             Requested size: 262.80267pt x 69.3657pt.

Overfull \hbox (33.37233pt too wide) in paragraph at lines 1344--1348
[]\OT1/cmr/m/n/12 La ta-bla de la fi-gu-ra es una es-ca-la pa-ra el atri-bu-to 
\OT1/cmr/m/it/12 y = edu-ca-tion\OT1/cmr/m/n/12 . Aqu^^S^^P $\OML/cmm/m/it/12 S
[] \OT1/cmr/m/n/12 = [] \OML/cmm/m/it/12 ; X[] \OT1/cmr/m/n/12 =
 []


Underfull \hbox (badness 10000) in paragraph at lines 1344--1348

 []

<../imagenes/figura22.png, id=364, 578.16pt x 205.5178pt>
File: ../imagenes/figura22.png Graphic file (type png)

<use ../imagenes/figura22.png>
Package pdftex.def Info: ../imagenes/figura22.png used on input line 1353.
(pdftex.def)             Requested size: 438.0pt x 155.6934pt.

Underfull \hbox (badness 10000) in paragraph at lines 1358--1362

 []

Package babel Info: Redefining spanish shorthand <<
(babel)             in language  on input line 1362.
Package babel Info: Redefining spanish shorthand >>
(babel)             in language  on input line 1362.
Package babel Info: Redefining spanish shorthand "=
(babel)             in language  on input line 1362.
Package babel Info: Redefining spanish shorthand "~
(babel)             in language  on input line 1362.
Package babel Info: Redefining spanish shorthand "!
(babel)             in language  on input line 1362.
Package babel Info: Redefining spanish shorthand "?
(babel)             in language  on input line 1362.
Package babel Info: Redefining spanish shorthand <<
(babel)             in language  on input line 1362.
Package babel Info: Redefining spanish shorthand >>
(babel)             in language  on input line 1362.
Package babel Info: Redefining spanish shorthand "=
(babel)             in language  on input line 1362.
Package babel Info: Redefining spanish shorthand "~
(babel)             in language  on input line 1362.
Package babel Info: Redefining spanish shorthand "!
(babel)             in language  on input line 1362.
Package babel Info: Redefining spanish shorthand "?
(babel)             in language  on input line 1362.
[30 <../imagenes/figura21.png> <../imagenes/figura22.png>]
<../imagenes/figura23.png, id=372, 385.44pt x 94.10156pt>
File: ../imagenes/figura23.png Graphic file (type png)

<use ../imagenes/figura23.png>
Package pdftex.def Info: ../imagenes/figura23.png used on input line 1367.
(pdftex.def)             Requested size: 328.5pt x 80.1992pt.

<../imagenes/figura24.png, id=373, 578.16pt x 73.77562pt>
File: ../imagenes/figura24.png Graphic file (type png)

<use ../imagenes/figura24.png>
Package pdftex.def Info: ../imagenes/figura24.png used on input line 1390.
(pdftex.def)             Requested size: 438.0pt x 55.88992pt.

<../imagenes/figura25.png, id=376, 674.52pt x 287.0725pt>
File: ../imagenes/figura25.png Graphic file (type png)

<use ../imagenes/figura25.png>
Package pdftex.def Info: ../imagenes/figura25.png used on input line 1404.
(pdftex.def)             Requested size: 328.5pt x 139.8082pt.
Package babel Info: Redefining spanish shorthand <<
(babel)             in language  on input line 1408.
Package babel Info: Redefining spanish shorthand >>
(babel)             in language  on input line 1408.
Package babel Info: Redefining spanish shorthand "=
(babel)             in language  on input line 1408.
Package babel Info: Redefining spanish shorthand "~
(babel)             in language  on input line 1408.
Package babel Info: Redefining spanish shorthand "!
(babel)             in language  on input line 1408.
Package babel Info: Redefining spanish shorthand "?
(babel)             in language  on input line 1408.
Package babel Info: Redefining spanish shorthand <<
(babel)             in language  on input line 1408.
Package babel Info: Redefining spanish shorthand >>
(babel)             in language  on input line 1408.
Package babel Info: Redefining spanish shorthand "=
(babel)             in language  on input line 1408.
Package babel Info: Redefining spanish shorthand "~
(babel)             in language  on input line 1408.
Package babel Info: Redefining spanish shorthand "!
(babel)             in language  on input line 1408.
Package babel Info: Redefining spanish shorthand "?
(babel)             in language  on input line 1408.
 [31 <../imagenes/figura23.png> <../imagenes/figura24.png>] <../imagenes/figura
26.png, id=384, 731.73375pt x 346.29375pt>
File: ../imagenes/figura26.png Graphic file (type png)

<use ../imagenes/figura26.png>
Package pdftex.def Info: ../imagenes/figura26.png used on input line 1447.
(pdftex.def)             Requested size: 438.0pt x 207.28642pt.
Package babel Info: Redefining spanish shorthand <<
(babel)             in language  on input line 1451.
Package babel Info: Redefining spanish shorthand >>
(babel)             in language  on input line 1451.
Package babel Info: Redefining spanish shorthand "=
(babel)             in language  on input line 1451.
Package babel Info: Redefining spanish shorthand "~
(babel)             in language  on input line 1451.
Package babel Info: Redefining spanish shorthand "!
(babel)             in language  on input line 1451.
Package babel Info: Redefining spanish shorthand "?
(babel)             in language  on input line 1451.
Package babel Info: Redefining spanish shorthand <<
(babel)             in language  on input line 1451.
Package babel Info: Redefining spanish shorthand >>
(babel)             in language  on input line 1451.
Package babel Info: Redefining spanish shorthand "=
(babel)             in language  on input line 1451.
Package babel Info: Redefining spanish shorthand "~
(babel)             in language  on input line 1451.
Package babel Info: Redefining spanish shorthand "!
(babel)             in language  on input line 1451.
Package babel Info: Redefining spanish shorthand "?
(babel)             in language  on input line 1451.
 [32 <../imagenes/figura25.png>]
File: ../imagenes/figura25.png Graphic file (type png)

<use ../imagenes/figura25.png>
Package pdftex.def Info: ../imagenes/figura25.png used on input line 1456.
(pdftex.def)             Requested size: 328.5pt x 139.8082pt.
Package atveryend Info: Empty hook `BeforeClearDocument' on input line 1461.
Package babel Info: Redefining spanish shorthand <<
(babel)             in language  on input line 1461.
Package babel Info: Redefining spanish shorthand >>
(babel)             in language  on input line 1461.
Package babel Info: Redefining spanish shorthand "=
(babel)             in language  on input line 1461.
Package babel Info: Redefining spanish shorthand "~
(babel)             in language  on input line 1461.
Package babel Info: Redefining spanish shorthand "!
(babel)             in language  on input line 1461.
Package babel Info: Redefining spanish shorthand "?
(babel)             in language  on input line 1461.
Package babel Info: Redefining spanish shorthand <<
(babel)             in language  on input line 1461.
Package babel Info: Redefining spanish shorthand >>
(babel)             in language  on input line 1461.
Package babel Info: Redefining spanish shorthand "=
(babel)             in language  on input line 1461.
Package babel Info: Redefining spanish shorthand "~
(babel)             in language  on input line 1461.
Package babel Info: Redefining spanish shorthand "!
(babel)             in language  on input line 1461.
Package babel Info: Redefining spanish shorthand "?
(babel)             in language  on input line 1461.
 [33 <../imagenes/figura26.png>]
Package atveryend Info: Empty hook `AfterLastShipout' on input line 1461.
 (build/acf.aux
LaTeX Info: Redefining \. on input line 24.
LaTeX Info: Redefining \% on input line 24.
)
Package atveryend Info: Executing hook `AtVeryEndDocument' on input line 1461.
Package atveryend Info: Executing hook `AtEndAfterFileList' on input line 1461.

Package rerunfilecheck Info: File `acf.out' has not changed.
(rerunfilecheck)             Checksum: <no file>.
 ) 
Here is how much of TeX's memory you used:
 11286 strings out of 493304
 165634 string characters out of 6139872
 288010 words of memory out of 5000000
 14343 multiletter control sequences out of 15000+600000
 13659 words of font info for 51 fonts, out of 8000000 for 9000
 957 hyphenation exceptions out of 8191
 62i,14n,94p,317b,456s stack positions out of 5000i,500n,10000p,200000b,80000s
</usr/share/texlive/texmf-dist/fonts/type1/public/amsfonts/cm/cmbx12.pfb></us
r/share/texlive/texmf-dist/fonts/type1/public/amsfonts/cm/cmex10.pfb></usr/shar
e/texlive/texmf-dist/fonts/type1/public/amsfonts/cm/cmmi12.pfb></usr/share/texl
ive/texmf-dist/fonts/type1/public/amsfonts/cm/cmmi8.pfb></usr/share/texlive/tex
mf-dist/fonts/type1/public/amsfonts/cm/cmr12.pfb></usr/share/texlive/texmf-dist
/fonts/type1/public/amsfonts/cm/cmr6.pfb></usr/share/texlive/texmf-dist/fonts/t
ype1/public/amsfonts/cm/cmr8.pfb></usr/share/texlive/texmf-dist/fonts/type1/pub
lic/amsfonts/cm/cmsl12.pfb></usr/share/texlive/texmf-dist/fonts/type1/public/am
sfonts/cm/cmsy10.pfb></usr/share/texlive/texmf-dist/fonts/type1/public/amsfonts
/cm/cmsy6.pfb></usr/share/texlive/texmf-dist/fonts/type1/public/amsfonts/cm/cms
y8.pfb></usr/share/texlive/texmf-dist/fonts/type1/public/amsfonts/cm/cmti12.pfb
></usr/share/texlive/texmf-dist/fonts/type1/public/amsfonts/cm/cmti8.pfb></usr/
share/texlive/texmf-dist/fonts/type1/public/amsfonts/cm/cmtt12.pfb></usr/share/
texlive/texmf-dist/fonts/type1/public/amsfonts/symbols/msbm10.pfb>
Output written on build/acf.pdf (33 pages, 417376 bytes).
PDF statistics:
 482 PDF objects out of 1000 (max. 8388607)
 401 compressed objects within 5 object streams
 162 named destinations out of 1000 (max. 500000)
 326 words of extra memory for PDF output out of 10000 (max. 10000000)

